  [1m[35m (15.8ms)[0m  [1m[35mCREATE TABLE "schema_migrations" ("version" character varying PRIMARY KEY)[0m
  [1m[35m (2.5ms)[0m  [1m[35mCREATE TABLE "ar_internal_metadata" ("key" character varying PRIMARY KEY, "value" character varying, "created_at" timestamp NOT NULL, "updated_at" timestamp NOT NULL)[0m
  [1m[35m (0.6ms)[0m  [1m[34mSELECT pg_try_advisory_lock(3313717327239323550);[0m
  [1m[36mActiveRecord::SchemaMigration Load (0.4ms)[0m  [1m[34mSELECT "schema_migrations".* FROM "schema_migrations"[0m
Migrating to CreateUsers (20161025165740)
  [1m[35m (0.1ms)[0m  [1m[35mBEGIN[0m
  [1m[35m (8.5ms)[0m  [1m[35mCREATE TABLE "users" ("id" serial primary key, "username" character varying, "first_name" character varying, "last_name" character varying, "created_at" timestamp NOT NULL, "updated_at" timestamp NOT NULL)[0m
  [1m[35mSQL (1.8ms)[0m  [1m[32mINSERT INTO "schema_migrations" ("version") VALUES ($1) RETURNING "version"[0m  [["version", "20161025165740"]]
  [1m[35m (0.3ms)[0m  [1m[35mCOMMIT[0m
Migrating to CreateDrinks (20161025171637)
  [1m[35m (0.2ms)[0m  [1m[35mBEGIN[0m
  [1m[35m (9.5ms)[0m  [1m[35mCREATE TABLE "drinks" ("id" serial primary key, "user_id" integer, "body" text, "created_at" timestamp NOT NULL, "updated_at" timestamp NOT NULL, CONSTRAINT "fk_rails_ea1b234e79"
FOREIGN KEY ("user_id")
  REFERENCES "users" ("id")
)[0m
  [1m[35m (2.8ms)[0m  [1m[35mCREATE  INDEX  "index_drinks_on_user_id" ON "drinks"  ("user_id")[0m
  [1m[35mSQL (0.5ms)[0m  [1m[32mINSERT INTO "schema_migrations" ("version") VALUES ($1) RETURNING "version"[0m  [["version", "20161025171637"]]
  [1m[35m (1.4ms)[0m  [1m[35mCOMMIT[0m
  [1m[36mActiveRecord::InternalMetadata Load (0.9ms)[0m  [1m[34mSELECT  "ar_internal_metadata".* FROM "ar_internal_metadata" WHERE "ar_internal_metadata"."key" = $1 LIMIT $2[0m  [["key", :environment], ["LIMIT", 1]]
  [1m[35m (0.1ms)[0m  [1m[35mBEGIN[0m
  [1m[35mSQL (1.3ms)[0m  [1m[32mINSERT INTO "ar_internal_metadata" ("key", "value", "created_at", "updated_at") VALUES ($1, $2, $3, $4) RETURNING "key"[0m  [["key", "environment"], ["value", "development"], ["created_at", 2016-10-25 17:17:53 UTC], ["updated_at", 2016-10-25 17:17:53 UTC]]
  [1m[35m (0.4ms)[0m  [1m[35mCOMMIT[0m
  [1m[35m (0.3ms)[0m  [1m[34mSELECT pg_advisory_unlock(3313717327239323550)[0m
  [1m[36mActiveRecord::SchemaMigration Load (0.2ms)[0m  [1m[34mSELECT "schema_migrations".* FROM "schema_migrations"[0m
  [1m[35m (4.1ms)[0m  [1m[34mSELECT t2.oid::regclass::text AS to_table, a1.attname AS column, a2.attname AS primary_key, c.conname AS name, c.confupdtype AS on_update, c.confdeltype AS on_delete
FROM pg_constraint c
JOIN pg_class t1 ON c.conrelid = t1.oid
JOIN pg_class t2 ON c.confrelid = t2.oid
JOIN pg_attribute a1 ON a1.attnum = c.conkey[1] AND a1.attrelid = t1.oid
JOIN pg_attribute a2 ON a2.attnum = c.confkey[1] AND a2.attrelid = t2.oid
JOIN pg_namespace t3 ON c.connamespace = t3.oid
WHERE c.contype = 'f'
  AND t1.relname = 'drinks'
  AND t3.nspname = ANY (current_schemas(false))
ORDER BY c.conname
[0m
  [1m[35m (3.0ms)[0m  [1m[34mSELECT t2.oid::regclass::text AS to_table, a1.attname AS column, a2.attname AS primary_key, c.conname AS name, c.confupdtype AS on_update, c.confdeltype AS on_delete
FROM pg_constraint c
JOIN pg_class t1 ON c.conrelid = t1.oid
JOIN pg_class t2 ON c.confrelid = t2.oid
JOIN pg_attribute a1 ON a1.attnum = c.conkey[1] AND a1.attrelid = t1.oid
JOIN pg_attribute a2 ON a2.attnum = c.confkey[1] AND a2.attrelid = t2.oid
JOIN pg_namespace t3 ON c.connamespace = t3.oid
WHERE c.contype = 'f'
  AND t1.relname = 'users'
  AND t3.nspname = ANY (current_schemas(false))
ORDER BY c.conname
[0m
Started GET "/" for ::1 at 2016-10-25 18:27:41 +0100
  [1m[36mActiveRecord::SchemaMigration Load (0.5ms)[0m  [1m[34mSELECT "schema_migrations".* FROM "schema_migrations"[0m
Processing by Rails::WelcomeController#index as HTML
  Parameters: {"internal"=>true}
  Rendering /Users/aliciapearse/.rbenv/versions/2.3.1/lib/ruby/gems/2.3.0/gems/railties-5.0.0.1/lib/rails/templates/rails/welcome/index.html.erb
  Rendered /Users/aliciapearse/.rbenv/versions/2.3.1/lib/ruby/gems/2.3.0/gems/railties-5.0.0.1/lib/rails/templates/rails/welcome/index.html.erb (5.0ms)
Completed 200 OK in 14ms (Views: 11.4ms | ActiveRecord: 0.0ms)


Started GET "/favicon.ico" for ::1 at 2016-10-25 18:27:41 +0100
  
ActionController::RoutingError (No route matches [GET] "/favicon.ico"):
  
actionpack (5.0.0.1) lib/action_dispatch/middleware/debug_exceptions.rb:53:in `call'
actionpack (5.0.0.1) lib/action_dispatch/middleware/show_exceptions.rb:31:in `call'
railties (5.0.0.1) lib/rails/rack/logger.rb:36:in `call_app'
railties (5.0.0.1) lib/rails/rack/logger.rb:24:in `block in call'
activesupport (5.0.0.1) lib/active_support/tagged_logging.rb:70:in `block in tagged'
activesupport (5.0.0.1) lib/active_support/tagged_logging.rb:26:in `tagged'
activesupport (5.0.0.1) lib/active_support/tagged_logging.rb:70:in `tagged'
railties (5.0.0.1) lib/rails/rack/logger.rb:24:in `call'
actionpack (5.0.0.1) lib/action_dispatch/middleware/request_id.rb:24:in `call'
rack (2.0.1) lib/rack/runtime.rb:22:in `call'
activesupport (5.0.0.1) lib/active_support/cache/strategy/local_cache_middleware.rb:28:in `call'
actionpack (5.0.0.1) lib/action_dispatch/middleware/executor.rb:12:in `call'
actionpack (5.0.0.1) lib/action_dispatch/middleware/static.rb:136:in `call'
rack (2.0.1) lib/rack/sendfile.rb:111:in `call'
railties (5.0.0.1) lib/rails/engine.rb:522:in `call'
puma (3.6.0) lib/puma/configuration.rb:225:in `call'
puma (3.6.0) lib/puma/server.rb:578:in `handle_request'
puma (3.6.0) lib/puma/server.rb:415:in `process_client'
puma (3.6.0) lib/puma/server.rb:275:in `block in run'
puma (3.6.0) lib/puma/thread_pool.rb:116:in `block in spawn_thread'
  [1m[36mActiveRecord::SchemaMigration Load (0.5ms)[0m  [1m[34mSELECT "schema_migrations".* FROM "schema_migrations"[0m
  [1m[35m (0.1ms)[0m  [1m[35mBEGIN[0m
  [1m[36mUser Exists (1.1ms)[0m  [1m[34mSELECT  1 AS one FROM "users" WHERE "users"."username" = $1 LIMIT $2[0m  [["username", "alex"], ["LIMIT", 1]]
  [1m[35mSQL (1.3ms)[0m  [1m[32mINSERT INTO "users" ("username", "first_name", "last_name", "created_at", "updated_at") VALUES ($1, $2, $3, $4, $5) RETURNING "id"[0m  [["username", "alex"], ["first_name", "Alex"], ["last_name", "Chin"], ["created_at", 2016-10-25 17:36:30 UTC], ["updated_at", 2016-10-25 17:36:30 UTC]]
  [1m[35m (0.5ms)[0m  [1m[35mCOMMIT[0m
  [1m[35m (0.1ms)[0m  [1m[35mBEGIN[0m
  [1m[36mUser Exists (0.6ms)[0m  [1m[34mSELECT  1 AS one FROM "users" WHERE "users"."username" = $1 LIMIT $2[0m  [["username", "dan"], ["LIMIT", 1]]
  [1m[35mSQL (0.3ms)[0m  [1m[32mINSERT INTO "users" ("username", "first_name", "last_name", "created_at", "updated_at") VALUES ($1, $2, $3, $4, $5) RETURNING "id"[0m  [["username", "dan"], ["first_name", "Dan"], ["last_name", "theMan"], ["created_at", 2016-10-25 17:36:30 UTC], ["updated_at", 2016-10-25 17:36:30 UTC]]
  [1m[35m (0.3ms)[0m  [1m[35mCOMMIT[0m
  [1m[35m (0.1ms)[0m  [1m[35mBEGIN[0m
  [1m[36mUser Exists (0.2ms)[0m  [1m[34mSELECT  1 AS one FROM "users" WHERE "users"."username" = $1 LIMIT $2[0m  [["username", "will"], ["LIMIT", 1]]
  [1m[35mSQL (0.3ms)[0m  [1m[32mINSERT INTO "users" ("username", "first_name", "last_name", "created_at", "updated_at") VALUES ($1, $2, $3, $4, $5) RETURNING "id"[0m  [["username", "will"], ["first_name", "Will"], ["last_name", "Marples"], ["created_at", 2016-10-25 17:36:30 UTC], ["updated_at", 2016-10-25 17:36:30 UTC]]
  [1m[35m (0.3ms)[0m  [1m[35mCOMMIT[0m
  [1m[35m (0.1ms)[0m  [1m[35mBEGIN[0m
  [1m[35mSQL (4.0ms)[0m  [1m[32mINSERT INTO "drinks" ("user_id", "body", "created_at", "updated_at") VALUES ($1, $2, $3, $4) RETURNING "id"[0m  [["user_id", 1], ["body", "Budweiser"], ["created_at", 2016-10-25 17:36:30 UTC], ["updated_at", 2016-10-25 17:36:30 UTC]]
  [1m[35m (0.3ms)[0m  [1m[35mCOMMIT[0m
  [1m[35m (0.1ms)[0m  [1m[35mBEGIN[0m
  [1m[35mSQL (0.4ms)[0m  [1m[32mINSERT INTO "drinks" ("user_id", "body", "created_at", "updated_at") VALUES ($1, $2, $3, $4) RETURNING "id"[0m  [["user_id", 2], ["body", "Blue Moon"], ["created_at", 2016-10-25 17:36:30 UTC], ["updated_at", 2016-10-25 17:36:30 UTC]]
  [1m[35m (0.3ms)[0m  [1m[35mCOMMIT[0m
  [1m[35m (0.1ms)[0m  [1m[35mBEGIN[0m
  [1m[35mSQL (0.4ms)[0m  [1m[32mINSERT INTO "drinks" ("user_id", "body", "created_at", "updated_at") VALUES ($1, $2, $3, $4) RETURNING "id"[0m  [["user_id", 1], ["body", "Pyramid"], ["created_at", 2016-10-25 17:36:30 UTC], ["updated_at", 2016-10-25 17:36:30 UTC]]
  [1m[35m (0.3ms)[0m  [1m[35mCOMMIT[0m
  [1m[35m (0.1ms)[0m  [1m[35mBEGIN[0m
  [1m[35mSQL (0.5ms)[0m  [1m[32mINSERT INTO "drinks" ("user_id", "body", "created_at", "updated_at") VALUES ($1, $2, $3, $4) RETURNING "id"[0m  [["user_id", 3], ["body", "Anchor Steam"], ["created_at", 2016-10-25 17:36:30 UTC], ["updated_at", 2016-10-25 17:36:30 UTC]]
  [1m[35m (0.3ms)[0m  [1m[35mCOMMIT[0m
Started GET "/users" for ::1 at 2016-10-25 18:37:05 +0100
  [1m[36mActiveRecord::SchemaMigration Load (0.6ms)[0m  [1m[34mSELECT "schema_migrations".* FROM "schema_migrations"[0m
Processing by UsersController#index as HTML
  [1m[36mUser Load (1.0ms)[0m  [1m[34mSELECT "users".* FROM "users"[0m
[active_model_serializers] Rendered ActiveModel::Serializer::CollectionSerializer with ActiveModelSerializers::Adapter::Attributes (0.56ms)
Completed 200 OK in 30ms (Views: 17.8ms | ActiveRecord: 6.7ms)


Started GET "/posts" for ::1 at 2016-10-25 18:37:17 +0100
  
ActionController::RoutingError (No route matches [GET] "/posts"):
  
actionpack (5.0.0.1) lib/action_dispatch/middleware/debug_exceptions.rb:53:in `call'
actionpack (5.0.0.1) lib/action_dispatch/middleware/show_exceptions.rb:31:in `call'
railties (5.0.0.1) lib/rails/rack/logger.rb:36:in `call_app'
railties (5.0.0.1) lib/rails/rack/logger.rb:24:in `block in call'
activesupport (5.0.0.1) lib/active_support/tagged_logging.rb:70:in `block in tagged'
activesupport (5.0.0.1) lib/active_support/tagged_logging.rb:26:in `tagged'
activesupport (5.0.0.1) lib/active_support/tagged_logging.rb:70:in `tagged'
railties (5.0.0.1) lib/rails/rack/logger.rb:24:in `call'
actionpack (5.0.0.1) lib/action_dispatch/middleware/request_id.rb:24:in `call'
rack (2.0.1) lib/rack/runtime.rb:22:in `call'
activesupport (5.0.0.1) lib/active_support/cache/strategy/local_cache_middleware.rb:28:in `call'
actionpack (5.0.0.1) lib/action_dispatch/middleware/executor.rb:12:in `call'
actionpack (5.0.0.1) lib/action_dispatch/middleware/static.rb:136:in `call'
rack (2.0.1) lib/rack/sendfile.rb:111:in `call'
railties (5.0.0.1) lib/rails/engine.rb:522:in `call'
puma (3.6.0) lib/puma/configuration.rb:225:in `call'
puma (3.6.0) lib/puma/server.rb:578:in `handle_request'
puma (3.6.0) lib/puma/server.rb:415:in `process_client'
puma (3.6.0) lib/puma/server.rb:275:in `block in run'
puma (3.6.0) lib/puma/thread_pool.rb:116:in `block in spawn_thread'
Started GET "/posts" for ::1 at 2016-10-25 18:37:33 +0100
  
ActionController::RoutingError (No route matches [GET] "/posts"):
  
actionpack (5.0.0.1) lib/action_dispatch/middleware/debug_exceptions.rb:53:in `call'
actionpack (5.0.0.1) lib/action_dispatch/middleware/show_exceptions.rb:31:in `call'
railties (5.0.0.1) lib/rails/rack/logger.rb:36:in `call_app'
railties (5.0.0.1) lib/rails/rack/logger.rb:24:in `block in call'
activesupport (5.0.0.1) lib/active_support/tagged_logging.rb:70:in `block in tagged'
activesupport (5.0.0.1) lib/active_support/tagged_logging.rb:26:in `tagged'
activesupport (5.0.0.1) lib/active_support/tagged_logging.rb:70:in `tagged'
railties (5.0.0.1) lib/rails/rack/logger.rb:24:in `call'
actionpack (5.0.0.1) lib/action_dispatch/middleware/request_id.rb:24:in `call'
rack (2.0.1) lib/rack/runtime.rb:22:in `call'
activesupport (5.0.0.1) lib/active_support/cache/strategy/local_cache_middleware.rb:28:in `call'
actionpack (5.0.0.1) lib/action_dispatch/middleware/executor.rb:12:in `call'
actionpack (5.0.0.1) lib/action_dispatch/middleware/static.rb:136:in `call'
rack (2.0.1) lib/rack/sendfile.rb:111:in `call'
railties (5.0.0.1) lib/rails/engine.rb:522:in `call'
puma (3.6.0) lib/puma/configuration.rb:225:in `call'
puma (3.6.0) lib/puma/server.rb:578:in `handle_request'
puma (3.6.0) lib/puma/server.rb:415:in `process_client'
puma (3.6.0) lib/puma/server.rb:275:in `block in run'
puma (3.6.0) lib/puma/thread_pool.rb:116:in `block in spawn_thread'
Started GET "/drinks" for ::1 at 2016-10-25 18:37:37 +0100
Processing by DrinksController#index as HTML
  [1m[36mDrink Load (1.9ms)[0m  [1m[34mSELECT "drinks".* FROM "drinks"[0m
[active_model_serializers]   [1m[36mUser Load (0.3ms)[0m  [1m[34mSELECT  "users".* FROM "users" WHERE "users"."id" = $1 LIMIT $2[0m  [["id", 1], ["LIMIT", 1]]
[active_model_serializers]   [1m[36mUser Load (0.3ms)[0m  [1m[34mSELECT  "users".* FROM "users" WHERE "users"."id" = $1 LIMIT $2[0m  [["id", 2], ["LIMIT", 1]]
[active_model_serializers]   [1m[36mCACHE (0.0ms)[0m  [1m[34mSELECT  "users".* FROM "users" WHERE "users"."id" = $1 LIMIT $2[0m  [["id", 1], ["LIMIT", 1]]
[active_model_serializers]   [1m[36mUser Load (0.3ms)[0m  [1m[34mSELECT  "users".* FROM "users" WHERE "users"."id" = $1 LIMIT $2[0m  [["id", 3], ["LIMIT", 1]]
[active_model_serializers] Rendered ActiveModel::Serializer::CollectionSerializer with ActiveModelSerializers::Adapter::Attributes (20.59ms)
Completed 200 OK in 40ms (Views: 30.0ms | ActiveRecord: 6.8ms)


Started GET "/users" for ::1 at 2016-10-25 18:39:29 +0100
  [1m[36mActiveRecord::SchemaMigration Load (0.5ms)[0m  [1m[34mSELECT "schema_migrations".* FROM "schema_migrations"[0m
Processing by UsersController#index as HTML
  [1m[36mUser Load (0.6ms)[0m  [1m[34mSELECT "users".* FROM "users"[0m
[active_model_serializers] Rendered ActiveModel::Serializer::CollectionSerializer with ActiveModelSerializers::Adapter::Attributes (0.4ms)
Completed 200 OK in 23ms (Views: 13.5ms | ActiveRecord: 5.2ms)


Started GET "/users" for ::1 at 2016-10-25 18:40:02 +0100
Processing by UsersController#index as HTML
  [1m[36mUser Load (0.3ms)[0m  [1m[34mSELECT "users".* FROM "users"[0m
[active_model_serializers] Rendered ActiveModel::Serializer::CollectionSerializer with ActiveModelSerializers::Adapter::Attributes (0.51ms)
Completed 200 OK in 14ms (Views: 7.1ms | ActiveRecord: 4.0ms)


Started GET "/users" for ::1 at 2016-10-25 18:47:11 +0100
  [1m[36mActiveRecord::SchemaMigration Load (0.5ms)[0m  [1m[34mSELECT "schema_migrations".* FROM "schema_migrations"[0m
Processing by UsersController#index as HTML
  [1m[36mUser Load (0.5ms)[0m  [1m[34mSELECT "users".* FROM "users"[0m
[active_model_serializers] Rendered ActiveModel::Serializer::CollectionSerializer with ActiveModelSerializers::Adapter::Attributes (0.65ms)
Completed 200 OK in 23ms (Views: 14.0ms | ActiveRecord: 4.8ms)


Started GET "/users" for ::1 at 2016-10-25 18:58:40 +0100
  [1m[36mActiveRecord::SchemaMigration Load (0.5ms)[0m  [1m[34mSELECT "schema_migrations".* FROM "schema_migrations"[0m
Processing by UsersController#index as HTML
  [1m[36mUser Load (0.6ms)[0m  [1m[34mSELECT "users".* FROM "users"[0m
[active_model_serializers]   [1m[36mDrink Load (0.5ms)[0m  [1m[34mSELECT "drinks".* FROM "drinks" WHERE "drinks"."user_id" = $1[0m  [["user_id", 1]]
[active_model_serializers]   [1m[36mDrink Load (0.3ms)[0m  [1m[34mSELECT "drinks".* FROM "drinks" WHERE "drinks"."user_id" = $1[0m  [["user_id", 2]]
[active_model_serializers]   [1m[36mDrink Load (0.3ms)[0m  [1m[34mSELECT "drinks".* FROM "drinks" WHERE "drinks"."user_id" = $1[0m  [["user_id", 3]]
[active_model_serializers] Rendered ActiveModel::Serializer::CollectionSerializer with ActiveModelSerializers::Adapter::Attributes (41.97ms)
Completed 200 OK in 73ms (Views: 57.9ms | ActiveRecord: 10.3ms)


Started GET "/users" for ::1 at 2016-10-25 19:03:06 +0100
  [1m[36mActiveRecord::SchemaMigration Load (0.5ms)[0m  [1m[34mSELECT "schema_migrations".* FROM "schema_migrations"[0m
  
ActionController::RoutingError (No route matches [GET] "/users"):
  
actionpack (5.0.0.1) lib/action_dispatch/middleware/debug_exceptions.rb:53:in `call'
actionpack (5.0.0.1) lib/action_dispatch/middleware/show_exceptions.rb:31:in `call'
railties (5.0.0.1) lib/rails/rack/logger.rb:36:in `call_app'
railties (5.0.0.1) lib/rails/rack/logger.rb:24:in `block in call'
activesupport (5.0.0.1) lib/active_support/tagged_logging.rb:70:in `block in tagged'
activesupport (5.0.0.1) lib/active_support/tagged_logging.rb:26:in `tagged'
activesupport (5.0.0.1) lib/active_support/tagged_logging.rb:70:in `tagged'
railties (5.0.0.1) lib/rails/rack/logger.rb:24:in `call'
actionpack (5.0.0.1) lib/action_dispatch/middleware/request_id.rb:24:in `call'
rack (2.0.1) lib/rack/runtime.rb:22:in `call'
activesupport (5.0.0.1) lib/active_support/cache/strategy/local_cache_middleware.rb:28:in `call'
actionpack (5.0.0.1) lib/action_dispatch/middleware/executor.rb:12:in `call'
actionpack (5.0.0.1) lib/action_dispatch/middleware/static.rb:136:in `call'
rack (2.0.1) lib/rack/sendfile.rb:111:in `call'
railties (5.0.0.1) lib/rails/engine.rb:522:in `call'
puma (3.6.0) lib/puma/configuration.rb:225:in `call'
puma (3.6.0) lib/puma/server.rb:578:in `handle_request'
puma (3.6.0) lib/puma/server.rb:415:in `process_client'
puma (3.6.0) lib/puma/server.rb:275:in `block in run'
puma (3.6.0) lib/puma/thread_pool.rb:116:in `block in spawn_thread'
Started GET "/api/users" for ::1 at 2016-10-25 19:03:35 +0100
Processing by UsersController#index as HTML
  [1m[36mUser Load (0.6ms)[0m  [1m[34mSELECT "users".* FROM "users"[0m
[active_model_serializers]   [1m[36mDrink Load (0.4ms)[0m  [1m[34mSELECT "drinks".* FROM "drinks" WHERE "drinks"."user_id" = $1[0m  [["user_id", 1]]
[active_model_serializers]   [1m[36mDrink Load (0.3ms)[0m  [1m[34mSELECT "drinks".* FROM "drinks" WHERE "drinks"."user_id" = $1[0m  [["user_id", 2]]
[active_model_serializers]   [1m[36mDrink Load (0.4ms)[0m  [1m[34mSELECT "drinks".* FROM "drinks" WHERE "drinks"."user_id" = $1[0m  [["user_id", 3]]
[active_model_serializers] Rendered ActiveModel::Serializer::CollectionSerializer with ActiveModelSerializers::Adapter::Attributes (41.45ms)
Completed 200 OK in 67ms (Views: 50.1ms | ActiveRecord: 9.3ms)


Started GET "/api/v1/users" for ::1 at 2016-10-25 19:05:55 +0100
  
ActionController::RoutingError (No route matches [GET] "/api/v1/users"):
  
actionpack (5.0.0.1) lib/action_dispatch/middleware/debug_exceptions.rb:53:in `call'
actionpack (5.0.0.1) lib/action_dispatch/middleware/show_exceptions.rb:31:in `call'
railties (5.0.0.1) lib/rails/rack/logger.rb:36:in `call_app'
railties (5.0.0.1) lib/rails/rack/logger.rb:24:in `block in call'
activesupport (5.0.0.1) lib/active_support/tagged_logging.rb:70:in `block in tagged'
activesupport (5.0.0.1) lib/active_support/tagged_logging.rb:26:in `tagged'
activesupport (5.0.0.1) lib/active_support/tagged_logging.rb:70:in `tagged'
railties (5.0.0.1) lib/rails/rack/logger.rb:24:in `call'
actionpack (5.0.0.1) lib/action_dispatch/middleware/request_id.rb:24:in `call'
rack (2.0.1) lib/rack/runtime.rb:22:in `call'
activesupport (5.0.0.1) lib/active_support/cache/strategy/local_cache_middleware.rb:28:in `call'
actionpack (5.0.0.1) lib/action_dispatch/middleware/executor.rb:12:in `call'
actionpack (5.0.0.1) lib/action_dispatch/middleware/static.rb:136:in `call'
rack (2.0.1) lib/rack/sendfile.rb:111:in `call'
railties (5.0.0.1) lib/rails/engine.rb:522:in `call'
puma (3.6.0) lib/puma/configuration.rb:225:in `call'
puma (3.6.0) lib/puma/server.rb:578:in `handle_request'
puma (3.6.0) lib/puma/server.rb:415:in `process_client'
puma (3.6.0) lib/puma/server.rb:275:in `block in run'
puma (3.6.0) lib/puma/thread_pool.rb:116:in `block in spawn_thread'
Started GET "/api/users" for ::1 at 2016-10-25 19:06:03 +0100
Processing by UsersController#index as HTML
  [1m[36mUser Load (0.3ms)[0m  [1m[34mSELECT "users".* FROM "users"[0m
[active_model_serializers]   [1m[36mDrink Load (0.3ms)[0m  [1m[34mSELECT "drinks".* FROM "drinks" WHERE "drinks"."user_id" = $1[0m  [["user_id", 1]]
[active_model_serializers]   [1m[36mDrink Load (0.3ms)[0m  [1m[34mSELECT "drinks".* FROM "drinks" WHERE "drinks"."user_id" = $1[0m  [["user_id", 2]]
[active_model_serializers]   [1m[36mDrink Load (0.3ms)[0m  [1m[34mSELECT "drinks".* FROM "drinks" WHERE "drinks"."user_id" = $1[0m  [["user_id", 3]]
[active_model_serializers] Rendered ActiveModel::Serializer::CollectionSerializer with ActiveModelSerializers::Adapter::Attributes (6.22ms)
Completed 200 OK in 8ms (Views: 6.7ms | ActiveRecord: 1.1ms)


Started GET "/api/drinks" for ::1 at 2016-10-25 19:27:51 +0100
  [1m[36mActiveRecord::SchemaMigration Load (0.5ms)[0m  [1m[34mSELECT "schema_migrations".* FROM "schema_migrations"[0m
Processing by DrinksController#index as HTML
  [1m[36mDrink Load (0.7ms)[0m  [1m[34mSELECT "drinks".* FROM "drinks"[0m
[active_model_serializers]   [1m[36mUser Load (0.4ms)[0m  [1m[34mSELECT  "users".* FROM "users" WHERE "users"."id" = $1 LIMIT $2[0m  [["id", 1], ["LIMIT", 1]]
[active_model_serializers]   [1m[36mUser Load (0.3ms)[0m  [1m[34mSELECT  "users".* FROM "users" WHERE "users"."id" = $1 LIMIT $2[0m  [["id", 2], ["LIMIT", 1]]
[active_model_serializers]   [1m[36mUser Load (0.3ms)[0m  [1m[34mSELECT  "users".* FROM "users" WHERE "users"."id" = $1 LIMIT $2[0m  [["id", 1], ["LIMIT", 1]]
[active_model_serializers]   [1m[36mUser Load (0.3ms)[0m  [1m[34mSELECT  "users".* FROM "users" WHERE "users"."id" = $1 LIMIT $2[0m  [["id", 3], ["LIMIT", 1]]
[active_model_serializers] Rendered ActiveModel::Serializer::CollectionSerializer with ActiveModelSerializers::Adapter::Attributes (35.37ms)
Completed 200 OK in 64ms (Views: 49.2ms | ActiveRecord: 9.6ms)


Started GET "/api/drinks" for ::1 at 2016-10-25 19:50:42 +0100
  [1m[36mActiveRecord::SchemaMigration Load (0.5ms)[0m  [1m[34mSELECT "schema_migrations".* FROM "schema_migrations"[0m
Processing by DrinksController#index as HTML
  [1m[36mDrink Load (0.6ms)[0m  [1m[34mSELECT "drinks".* FROM "drinks"[0m
[active_model_serializers]   [1m[36mUser Load (0.7ms)[0m  [1m[34mSELECT  "users".* FROM "users" WHERE "users"."id" = $1 LIMIT $2[0m  [["id", 1], ["LIMIT", 1]]
[active_model_serializers]   [1m[36mUser Load (0.4ms)[0m  [1m[34mSELECT  "users".* FROM "users" WHERE "users"."id" = $1 LIMIT $2[0m  [["id", 2], ["LIMIT", 1]]
[active_model_serializers]   [1m[36mUser Load (0.3ms)[0m  [1m[34mSELECT  "users".* FROM "users" WHERE "users"."id" = $1 LIMIT $2[0m  [["id", 1], ["LIMIT", 1]]
[active_model_serializers]   [1m[36mUser Load (0.3ms)[0m  [1m[34mSELECT  "users".* FROM "users" WHERE "users"."id" = $1 LIMIT $2[0m  [["id", 3], ["LIMIT", 1]]
[active_model_serializers] Rendered ActiveModel::Serializer::CollectionSerializer with ActiveModelSerializers::Adapter::Attributes (56.73ms)
Completed 500 Internal Server Error in 86ms (ActiveRecord: 11.3ms)


  
NoMethodError (undefined method `post_url' for #<Module:0x007fca9a132060>):
  
app/serializers/drink_serializer.rb:10:in `url'
app/controllers/drinks_controller.rb:8:in `index'
Started GET "/api/users" for ::1 at 2016-10-25 19:50:55 +0100
Processing by UsersController#index as HTML
  [1m[36mUser Load (0.3ms)[0m  [1m[34mSELECT "users".* FROM "users"[0m
[active_model_serializers]   [1m[36mDrink Load (0.2ms)[0m  [1m[34mSELECT "drinks".* FROM "drinks" WHERE "drinks"."user_id" = $1[0m  [["user_id", 1]]
[active_model_serializers]   [1m[36mDrink Load (0.3ms)[0m  [1m[34mSELECT "drinks".* FROM "drinks" WHERE "drinks"."user_id" = $1[0m  [["user_id", 2]]
[active_model_serializers]   [1m[36mDrink Load (0.3ms)[0m  [1m[34mSELECT "drinks".* FROM "drinks" WHERE "drinks"."user_id" = $1[0m  [["user_id", 3]]
[active_model_serializers] Rendered ActiveModel::Serializer::CollectionSerializer with ActiveModelSerializers::Adapter::Attributes (16.9ms)
Completed 500 Internal Server Error in 20ms (ActiveRecord: 1.1ms)


  
NoMethodError (undefined method `post_url' for #<Module:0x007fca9b3ff008>):
  
app/serializers/drink_serializer.rb:10:in `url'
app/controllers/users_controller.rb:8:in `index'
Started GET "/api/users" for ::1 at 2016-10-25 19:51:26 +0100
  [1m[36mActiveRecord::SchemaMigration Load (0.5ms)[0m  [1m[34mSELECT "schema_migrations".* FROM "schema_migrations"[0m
Processing by UsersController#index as HTML
  [1m[36mUser Load (0.6ms)[0m  [1m[34mSELECT "users".* FROM "users"[0m
[active_model_serializers]   [1m[36mDrink Load (0.5ms)[0m  [1m[34mSELECT "drinks".* FROM "drinks" WHERE "drinks"."user_id" = $1[0m  [["user_id", 1]]
[active_model_serializers]   [1m[36mDrink Load (0.3ms)[0m  [1m[34mSELECT "drinks".* FROM "drinks" WHERE "drinks"."user_id" = $1[0m  [["user_id", 2]]
[active_model_serializers]   [1m[36mDrink Load (0.3ms)[0m  [1m[34mSELECT "drinks".* FROM "drinks" WHERE "drinks"."user_id" = $1[0m  [["user_id", 3]]
[active_model_serializers] Rendered ActiveModel::Serializer::CollectionSerializer with ActiveModelSerializers::Adapter::Attributes (43.26ms)
Completed 200 OK in 73ms (Views: 57.5ms | ActiveRecord: 9.8ms)


Started GET "/api/drinks" for ::1 at 2016-10-25 19:51:55 +0100
Processing by DrinksController#index as HTML
  [1m[36mDrink Load (0.3ms)[0m  [1m[34mSELECT "drinks".* FROM "drinks"[0m
[active_model_serializers]   [1m[36mUser Load (0.2ms)[0m  [1m[34mSELECT  "users".* FROM "users" WHERE "users"."id" = $1 LIMIT $2[0m  [["id", 1], ["LIMIT", 1]]
[active_model_serializers]   [1m[36mUser Load (0.3ms)[0m  [1m[34mSELECT  "users".* FROM "users" WHERE "users"."id" = $1 LIMIT $2[0m  [["id", 2], ["LIMIT", 1]]
[active_model_serializers]   [1m[36mCACHE (0.0ms)[0m  [1m[34mSELECT  "users".* FROM "users" WHERE "users"."id" = $1 LIMIT $2[0m  [["id", 1], ["LIMIT", 1]]
[active_model_serializers]   [1m[36mUser Load (0.3ms)[0m  [1m[34mSELECT  "users".* FROM "users" WHERE "users"."id" = $1 LIMIT $2[0m  [["id", 3], ["LIMIT", 1]]
[active_model_serializers] Rendered ActiveModel::Serializer::CollectionSerializer with ActiveModelSerializers::Adapter::Attributes (9.81ms)
Completed 200 OK in 12ms (Views: 10.4ms | ActiveRecord: 1.1ms)


  [1m[36mActiveRecord::SchemaMigration Load (0.5ms)[0m  [1m[34mSELECT "schema_migrations".* FROM "schema_migrations"[0m
  [1m[35m (0.3ms)[0m  [1m[34mSELECT "ar_internal_metadata"."value" FROM "ar_internal_metadata" WHERE "ar_internal_metadata"."key" = $1[0m  [["key", :environment]]
  [1m[36mActiveRecord::SchemaMigration Load (0.2ms)[0m  [1m[34mSELECT "schema_migrations".* FROM "schema_migrations"[0m
  [1m[35m (0.2ms)[0m  [1m[34mSELECT "ar_internal_metadata"."value" FROM "ar_internal_metadata" WHERE "ar_internal_metadata"."key" = $1[0m  [["key", :environment]]
  [1m[36mActiveRecord::SchemaMigration Load (0.2ms)[0m  [1m[34mSELECT "schema_migrations".* FROM "schema_migrations"[0m
  [1m[35m (0.2ms)[0m  [1m[34mSELECT "ar_internal_metadata"."value" FROM "ar_internal_metadata" WHERE "ar_internal_metadata"."key" = $1[0m  [["key", :environment]]
  [1m[35m (125.9ms)[0m  [1m[35mDROP DATABASE IF EXISTS "pintage_development"[0m
  [1m[35m (120.0ms)[0m  [1m[35mDROP DATABASE IF EXISTS "pintage_test"[0m
  [1m[35m (307.0ms)[0m  [1m[35mCREATE DATABASE "pintage_development" ENCODING = 'unicode'[0m
  [1m[35m (233.1ms)[0m  [1m[35mCREATE DATABASE "pintage_test" ENCODING = 'unicode'[0m
  [1m[35m (4.9ms)[0m  [1m[35mCREATE TABLE "schema_migrations" ("version" character varying PRIMARY KEY)[0m
  [1m[35m (3.1ms)[0m  [1m[35mCREATE TABLE "ar_internal_metadata" ("key" character varying PRIMARY KEY, "value" character varying, "created_at" timestamp NOT NULL, "updated_at" timestamp NOT NULL)[0m
  [1m[35m (0.4ms)[0m  [1m[34mSELECT pg_try_advisory_lock(3313717327239323550);[0m
  [1m[36mActiveRecord::SchemaMigration Load (0.4ms)[0m  [1m[34mSELECT "schema_migrations".* FROM "schema_migrations"[0m
Migrating to CreateUsers (20161025165740)
  [1m[35m (0.2ms)[0m  [1m[35mBEGIN[0m
  [1m[35m (4.8ms)[0m  [1m[35mCREATE TABLE "users" ("id" serial primary key, "username" character varying, "first_name" character varying, "last_name" character varying, "created_at" timestamp NOT NULL, "updated_at" timestamp NOT NULL)[0m
  [1m[35mSQL (0.5ms)[0m  [1m[32mINSERT INTO "schema_migrations" ("version") VALUES ($1) RETURNING "version"[0m  [["version", "20161025165740"]]
  [1m[35m (0.7ms)[0m  [1m[35mCOMMIT[0m
Migrating to CreateDrinks (20161025190011)
  [1m[35m (0.3ms)[0m  [1m[35mBEGIN[0m
  [1m[35m (4.7ms)[0m  [1m[35mCREATE TABLE "drinks" ("id" serial primary key, "user_id" integer, "name" character varying, "quantity" integer, "units" integer, "price" decimal(8,2), "created_at" timestamp NOT NULL, "updated_at" timestamp NOT NULL, CONSTRAINT "fk_rails_ea1b234e79"
FOREIGN KEY ("user_id")
  REFERENCES "users" ("id")
)[0m
  [1m[35m (0.8ms)[0m  [1m[35mCREATE  INDEX  "index_drinks_on_user_id" ON "drinks"  ("user_id")[0m
  [1m[35mSQL (0.3ms)[0m  [1m[32mINSERT INTO "schema_migrations" ("version") VALUES ($1) RETURNING "version"[0m  [["version", "20161025190011"]]
  [1m[35m (0.4ms)[0m  [1m[35mCOMMIT[0m
  [1m[36mActiveRecord::InternalMetadata Load (0.3ms)[0m  [1m[34mSELECT  "ar_internal_metadata".* FROM "ar_internal_metadata" WHERE "ar_internal_metadata"."key" = $1 LIMIT $2[0m  [["key", :environment], ["LIMIT", 1]]
  [1m[35m (0.1ms)[0m  [1m[35mBEGIN[0m
  [1m[35mSQL (0.4ms)[0m  [1m[32mINSERT INTO "ar_internal_metadata" ("key", "value", "created_at", "updated_at") VALUES ($1, $2, $3, $4) RETURNING "key"[0m  [["key", "environment"], ["value", "development"], ["created_at", 2016-10-25 19:00:57 UTC], ["updated_at", 2016-10-25 19:00:57 UTC]]
  [1m[35m (0.3ms)[0m  [1m[35mCOMMIT[0m
  [1m[35m (0.2ms)[0m  [1m[34mSELECT pg_advisory_unlock(3313717327239323550)[0m
  [1m[36mActiveRecord::SchemaMigration Load (0.4ms)[0m  [1m[34mSELECT "schema_migrations".* FROM "schema_migrations"[0m
  [1m[35m (3.5ms)[0m  [1m[34mSELECT t2.oid::regclass::text AS to_table, a1.attname AS column, a2.attname AS primary_key, c.conname AS name, c.confupdtype AS on_update, c.confdeltype AS on_delete
FROM pg_constraint c
JOIN pg_class t1 ON c.conrelid = t1.oid
JOIN pg_class t2 ON c.confrelid = t2.oid
JOIN pg_attribute a1 ON a1.attnum = c.conkey[1] AND a1.attrelid = t1.oid
JOIN pg_attribute a2 ON a2.attnum = c.confkey[1] AND a2.attrelid = t2.oid
JOIN pg_namespace t3 ON c.connamespace = t3.oid
WHERE c.contype = 'f'
  AND t1.relname = 'drinks'
  AND t3.nspname = ANY (current_schemas(false))
ORDER BY c.conname
[0m
  [1m[35m (3.4ms)[0m  [1m[34mSELECT t2.oid::regclass::text AS to_table, a1.attname AS column, a2.attname AS primary_key, c.conname AS name, c.confupdtype AS on_update, c.confdeltype AS on_delete
FROM pg_constraint c
JOIN pg_class t1 ON c.conrelid = t1.oid
JOIN pg_class t2 ON c.confrelid = t2.oid
JOIN pg_attribute a1 ON a1.attnum = c.conkey[1] AND a1.attrelid = t1.oid
JOIN pg_attribute a2 ON a2.attnum = c.confkey[1] AND a2.attrelid = t2.oid
JOIN pg_namespace t3 ON c.connamespace = t3.oid
WHERE c.contype = 'f'
  AND t1.relname = 'users'
  AND t3.nspname = ANY (current_schemas(false))
ORDER BY c.conname
[0m
  [1m[36mActiveRecord::SchemaMigration Load (0.3ms)[0m  [1m[34mSELECT "schema_migrations".* FROM "schema_migrations"[0m
  [1m[35m (0.2ms)[0m  [1m[35mBEGIN[0m
  [1m[36mUser Exists (0.5ms)[0m  [1m[34mSELECT  1 AS one FROM "users" WHERE "users"."username" = $1 LIMIT $2[0m  [["username", "alex"], ["LIMIT", 1]]
  [1m[35mSQL (0.5ms)[0m  [1m[32mINSERT INTO "users" ("username", "first_name", "last_name", "created_at", "updated_at") VALUES ($1, $2, $3, $4, $5) RETURNING "id"[0m  [["username", "alex"], ["first_name", "Alex"], ["last_name", "Chin"], ["created_at", 2016-10-25 19:00:57 UTC], ["updated_at", 2016-10-25 19:00:57 UTC]]
  [1m[35m (0.4ms)[0m  [1m[35mCOMMIT[0m
  [1m[35m (0.1ms)[0m  [1m[35mBEGIN[0m
  [1m[36mUser Exists (0.3ms)[0m  [1m[34mSELECT  1 AS one FROM "users" WHERE "users"."username" = $1 LIMIT $2[0m  [["username", "dan"], ["LIMIT", 1]]
  [1m[35mSQL (0.3ms)[0m  [1m[32mINSERT INTO "users" ("username", "first_name", "last_name", "created_at", "updated_at") VALUES ($1, $2, $3, $4, $5) RETURNING "id"[0m  [["username", "dan"], ["first_name", "Dan"], ["last_name", "theMan"], ["created_at", 2016-10-25 19:00:57 UTC], ["updated_at", 2016-10-25 19:00:57 UTC]]
  [1m[35m (0.3ms)[0m  [1m[35mCOMMIT[0m
  [1m[35m (0.1ms)[0m  [1m[35mBEGIN[0m
  [1m[36mUser Exists (0.3ms)[0m  [1m[34mSELECT  1 AS one FROM "users" WHERE "users"."username" = $1 LIMIT $2[0m  [["username", "will"], ["LIMIT", 1]]
  [1m[35mSQL (0.3ms)[0m  [1m[32mINSERT INTO "users" ("username", "first_name", "last_name", "created_at", "updated_at") VALUES ($1, $2, $3, $4, $5) RETURNING "id"[0m  [["username", "will"], ["first_name", "Will"], ["last_name", "Marples"], ["created_at", 2016-10-25 19:00:57 UTC], ["updated_at", 2016-10-25 19:00:57 UTC]]
  [1m[35m (0.3ms)[0m  [1m[35mCOMMIT[0m
  [1m[35m (0.1ms)[0m  [1m[35mBEGIN[0m
  [1m[35m (0.2ms)[0m  [1m[31mROLLBACK[0m
  [1m[36mActiveRecord::SchemaMigration Load (0.5ms)[0m  [1m[34mSELECT "schema_migrations".* FROM "schema_migrations"[0m
  [1m[35m (0.3ms)[0m  [1m[34mSELECT "ar_internal_metadata"."value" FROM "ar_internal_metadata" WHERE "ar_internal_metadata"."key" = $1[0m  [["key", :environment]]
  [1m[36mActiveRecord::SchemaMigration Load (0.3ms)[0m  [1m[34mSELECT "schema_migrations".* FROM "schema_migrations"[0m
  [1m[35m (0.2ms)[0m  [1m[34mSELECT "ar_internal_metadata"."value" FROM "ar_internal_metadata" WHERE "ar_internal_metadata"."key" = $1[0m  [["key", :environment]]
  [1m[36mActiveRecord::SchemaMigration Load (0.2ms)[0m  [1m[34mSELECT "schema_migrations".* FROM "schema_migrations"[0m
  [1m[35m (0.2ms)[0m  [1m[34mSELECT "ar_internal_metadata"."value" FROM "ar_internal_metadata" WHERE "ar_internal_metadata"."key" = $1[0m  [["key", :environment]]
  [1m[35m (118.9ms)[0m  [1m[35mDROP DATABASE IF EXISTS "pintage_development"[0m
  [1m[35m (118.3ms)[0m  [1m[35mDROP DATABASE IF EXISTS "pintage_test"[0m
  [1m[35m (233.9ms)[0m  [1m[35mCREATE DATABASE "pintage_development" ENCODING = 'unicode'[0m
  [1m[35m (230.8ms)[0m  [1m[35mCREATE DATABASE "pintage_test" ENCODING = 'unicode'[0m
  [1m[35m (5.2ms)[0m  [1m[35mCREATE TABLE "schema_migrations" ("version" character varying PRIMARY KEY)[0m
  [1m[35m (2.7ms)[0m  [1m[35mCREATE TABLE "ar_internal_metadata" ("key" character varying PRIMARY KEY, "value" character varying, "created_at" timestamp NOT NULL, "updated_at" timestamp NOT NULL)[0m
  [1m[35m (0.2ms)[0m  [1m[34mSELECT pg_try_advisory_lock(3313717327239323550);[0m
  [1m[36mActiveRecord::SchemaMigration Load (0.4ms)[0m  [1m[34mSELECT "schema_migrations".* FROM "schema_migrations"[0m
Migrating to CreateUsers (20161025165740)
  [1m[35m (0.1ms)[0m  [1m[35mBEGIN[0m
  [1m[35m (6.1ms)[0m  [1m[35mCREATE TABLE "users" ("id" serial primary key, "username" character varying, "first_name" character varying, "last_name" character varying, "created_at" timestamp NOT NULL, "updated_at" timestamp NOT NULL)[0m
  [1m[35mSQL (0.4ms)[0m  [1m[32mINSERT INTO "schema_migrations" ("version") VALUES ($1) RETURNING "version"[0m  [["version", "20161025165740"]]
  [1m[35m (0.4ms)[0m  [1m[35mCOMMIT[0m
Migrating to CreateDrinks (20161025190011)
  [1m[35m (0.3ms)[0m  [1m[35mBEGIN[0m
  [1m[35m (4.2ms)[0m  [1m[35mCREATE TABLE "drinks" ("id" serial primary key, "user_id" integer, "name" character varying, "quantity" integer, "units" integer, "price" decimal(8,2), "created_at" timestamp NOT NULL, "updated_at" timestamp NOT NULL, CONSTRAINT "fk_rails_ea1b234e79"
FOREIGN KEY ("user_id")
  REFERENCES "users" ("id")
)[0m
  [1m[35m (0.8ms)[0m  [1m[35mCREATE  INDEX  "index_drinks_on_user_id" ON "drinks"  ("user_id")[0m
  [1m[35mSQL (0.3ms)[0m  [1m[32mINSERT INTO "schema_migrations" ("version") VALUES ($1) RETURNING "version"[0m  [["version", "20161025190011"]]
  [1m[35m (0.4ms)[0m  [1m[35mCOMMIT[0m
  [1m[36mActiveRecord::InternalMetadata Load (0.4ms)[0m  [1m[34mSELECT  "ar_internal_metadata".* FROM "ar_internal_metadata" WHERE "ar_internal_metadata"."key" = $1 LIMIT $2[0m  [["key", :environment], ["LIMIT", 1]]
  [1m[35m (0.1ms)[0m  [1m[35mBEGIN[0m
  [1m[35mSQL (0.4ms)[0m  [1m[32mINSERT INTO "ar_internal_metadata" ("key", "value", "created_at", "updated_at") VALUES ($1, $2, $3, $4) RETURNING "key"[0m  [["key", "environment"], ["value", "development"], ["created_at", 2016-10-25 19:01:30 UTC], ["updated_at", 2016-10-25 19:01:30 UTC]]
  [1m[35m (0.3ms)[0m  [1m[35mCOMMIT[0m
  [1m[35m (0.2ms)[0m  [1m[34mSELECT pg_advisory_unlock(3313717327239323550)[0m
  [1m[36mActiveRecord::SchemaMigration Load (0.3ms)[0m  [1m[34mSELECT "schema_migrations".* FROM "schema_migrations"[0m
  [1m[35m (4.6ms)[0m  [1m[34mSELECT t2.oid::regclass::text AS to_table, a1.attname AS column, a2.attname AS primary_key, c.conname AS name, c.confupdtype AS on_update, c.confdeltype AS on_delete
FROM pg_constraint c
JOIN pg_class t1 ON c.conrelid = t1.oid
JOIN pg_class t2 ON c.confrelid = t2.oid
JOIN pg_attribute a1 ON a1.attnum = c.conkey[1] AND a1.attrelid = t1.oid
JOIN pg_attribute a2 ON a2.attnum = c.confkey[1] AND a2.attrelid = t2.oid
JOIN pg_namespace t3 ON c.connamespace = t3.oid
WHERE c.contype = 'f'
  AND t1.relname = 'drinks'
  AND t3.nspname = ANY (current_schemas(false))
ORDER BY c.conname
[0m
  [1m[35m (3.2ms)[0m  [1m[34mSELECT t2.oid::regclass::text AS to_table, a1.attname AS column, a2.attname AS primary_key, c.conname AS name, c.confupdtype AS on_update, c.confdeltype AS on_delete
FROM pg_constraint c
JOIN pg_class t1 ON c.conrelid = t1.oid
JOIN pg_class t2 ON c.confrelid = t2.oid
JOIN pg_attribute a1 ON a1.attnum = c.conkey[1] AND a1.attrelid = t1.oid
JOIN pg_attribute a2 ON a2.attnum = c.confkey[1] AND a2.attrelid = t2.oid
JOIN pg_namespace t3 ON c.connamespace = t3.oid
WHERE c.contype = 'f'
  AND t1.relname = 'users'
  AND t3.nspname = ANY (current_schemas(false))
ORDER BY c.conname
[0m
  [1m[36mActiveRecord::SchemaMigration Load (0.2ms)[0m  [1m[34mSELECT "schema_migrations".* FROM "schema_migrations"[0m
  [1m[35m (0.2ms)[0m  [1m[35mBEGIN[0m
  [1m[36mUser Exists (0.6ms)[0m  [1m[34mSELECT  1 AS one FROM "users" WHERE "users"."username" = $1 LIMIT $2[0m  [["username", "alex"], ["LIMIT", 1]]
  [1m[35mSQL (0.6ms)[0m  [1m[32mINSERT INTO "users" ("username", "first_name", "last_name", "created_at", "updated_at") VALUES ($1, $2, $3, $4, $5) RETURNING "id"[0m  [["username", "alex"], ["first_name", "Alex"], ["last_name", "Chin"], ["created_at", 2016-10-25 19:01:30 UTC], ["updated_at", 2016-10-25 19:01:30 UTC]]
  [1m[35m (0.4ms)[0m  [1m[35mCOMMIT[0m
  [1m[35m (0.1ms)[0m  [1m[35mBEGIN[0m
  [1m[36mUser Exists (0.3ms)[0m  [1m[34mSELECT  1 AS one FROM "users" WHERE "users"."username" = $1 LIMIT $2[0m  [["username", "dan"], ["LIMIT", 1]]
  [1m[35mSQL (0.3ms)[0m  [1m[32mINSERT INTO "users" ("username", "first_name", "last_name", "created_at", "updated_at") VALUES ($1, $2, $3, $4, $5) RETURNING "id"[0m  [["username", "dan"], ["first_name", "Dan"], ["last_name", "theMan"], ["created_at", 2016-10-25 19:01:30 UTC], ["updated_at", 2016-10-25 19:01:30 UTC]]
  [1m[35m (0.3ms)[0m  [1m[35mCOMMIT[0m
  [1m[35m (0.1ms)[0m  [1m[35mBEGIN[0m
  [1m[36mUser Exists (0.3ms)[0m  [1m[34mSELECT  1 AS one FROM "users" WHERE "users"."username" = $1 LIMIT $2[0m  [["username", "will"], ["LIMIT", 1]]
  [1m[35mSQL (0.3ms)[0m  [1m[32mINSERT INTO "users" ("username", "first_name", "last_name", "created_at", "updated_at") VALUES ($1, $2, $3, $4, $5) RETURNING "id"[0m  [["username", "will"], ["first_name", "Will"], ["last_name", "Marples"], ["created_at", 2016-10-25 19:01:30 UTC], ["updated_at", 2016-10-25 19:01:30 UTC]]
  [1m[35m (0.3ms)[0m  [1m[35mCOMMIT[0m
  [1m[35m (0.1ms)[0m  [1m[35mBEGIN[0m
  [1m[35mSQL (1.0ms)[0m  [1m[32mINSERT INTO "drinks" ("user_id", "name", "created_at", "updated_at") VALUES ($1, $2, $3, $4) RETURNING "id"[0m  [["user_id", 1], ["name", "Budweiser"], ["created_at", 2016-10-25 19:01:30 UTC], ["updated_at", 2016-10-25 19:01:30 UTC]]
  [1m[35m (0.4ms)[0m  [1m[35mCOMMIT[0m
  [1m[35m (0.1ms)[0m  [1m[35mBEGIN[0m
  [1m[35mSQL (0.5ms)[0m  [1m[32mINSERT INTO "drinks" ("user_id", "name", "created_at", "updated_at") VALUES ($1, $2, $3, $4) RETURNING "id"[0m  [["user_id", 2], ["name", "Blue Moon"], ["created_at", 2016-10-25 19:01:30 UTC], ["updated_at", 2016-10-25 19:01:30 UTC]]
  [1m[35m (0.3ms)[0m  [1m[35mCOMMIT[0m
  [1m[35m (0.1ms)[0m  [1m[35mBEGIN[0m
  [1m[35mSQL (0.4ms)[0m  [1m[32mINSERT INTO "drinks" ("user_id", "name", "created_at", "updated_at") VALUES ($1, $2, $3, $4) RETURNING "id"[0m  [["user_id", 1], ["name", "Pyramid"], ["created_at", 2016-10-25 19:01:30 UTC], ["updated_at", 2016-10-25 19:01:30 UTC]]
  [1m[35m (0.3ms)[0m  [1m[35mCOMMIT[0m
  [1m[35m (0.2ms)[0m  [1m[35mBEGIN[0m
  [1m[35mSQL (0.5ms)[0m  [1m[32mINSERT INTO "drinks" ("user_id", "name", "created_at", "updated_at") VALUES ($1, $2, $3, $4) RETURNING "id"[0m  [["user_id", 3], ["name", "Anchor Steam"], ["created_at", 2016-10-25 19:01:30 UTC], ["updated_at", 2016-10-25 19:01:30 UTC]]
  [1m[35m (0.4ms)[0m  [1m[35mCOMMIT[0m
Started GET "/api/drinks" for ::1 at 2016-10-25 20:01:53 +0100
  [1m[36mActiveRecord::SchemaMigration Load (0.5ms)[0m  [1m[34mSELECT "schema_migrations".* FROM "schema_migrations"[0m
  
ActionController::RoutingError (No route matches [GET] "/api/drinks"):
  
actionpack (5.0.0.1) lib/action_dispatch/middleware/debug_exceptions.rb:53:in `call'
actionpack (5.0.0.1) lib/action_dispatch/middleware/show_exceptions.rb:31:in `call'
railties (5.0.0.1) lib/rails/rack/logger.rb:36:in `call_app'
railties (5.0.0.1) lib/rails/rack/logger.rb:24:in `block in call'
activesupport (5.0.0.1) lib/active_support/tagged_logging.rb:70:in `block in tagged'
activesupport (5.0.0.1) lib/active_support/tagged_logging.rb:26:in `tagged'
activesupport (5.0.0.1) lib/active_support/tagged_logging.rb:70:in `tagged'
railties (5.0.0.1) lib/rails/rack/logger.rb:24:in `call'
actionpack (5.0.0.1) lib/action_dispatch/middleware/request_id.rb:24:in `call'
rack (2.0.1) lib/rack/runtime.rb:22:in `call'
activesupport (5.0.0.1) lib/active_support/cache/strategy/local_cache_middleware.rb:28:in `call'
actionpack (5.0.0.1) lib/action_dispatch/middleware/executor.rb:12:in `call'
actionpack (5.0.0.1) lib/action_dispatch/middleware/static.rb:136:in `call'
rack (2.0.1) lib/rack/sendfile.rb:111:in `call'
rack-cors (0.4.0) lib/rack/cors.rb:80:in `call'
railties (5.0.0.1) lib/rails/engine.rb:522:in `call'
puma (3.6.0) lib/puma/configuration.rb:225:in `call'
puma (3.6.0) lib/puma/server.rb:578:in `handle_request'
puma (3.6.0) lib/puma/server.rb:415:in `process_client'
puma (3.6.0) lib/puma/server.rb:275:in `block in run'
puma (3.6.0) lib/puma/thread_pool.rb:116:in `block in spawn_thread'
Started GET "/api/drinks" for ::1 at 2016-10-25 20:02:35 +0100
Processing by DrinksController#index as HTML
  [1m[36mDrink Load (0.7ms)[0m  [1m[34mSELECT "drinks".* FROM "drinks"[0m
[active_model_serializers]   [1m[36mUser Load (0.6ms)[0m  [1m[34mSELECT  "users".* FROM "users" WHERE "users"."id" = $1 LIMIT $2[0m  [["id", 1], ["LIMIT", 1]]
[active_model_serializers]   [1m[36mUser Load (0.3ms)[0m  [1m[34mSELECT  "users".* FROM "users" WHERE "users"."id" = $1 LIMIT $2[0m  [["id", 2], ["LIMIT", 1]]
[active_model_serializers]   [1m[36mCACHE (0.0ms)[0m  [1m[34mSELECT  "users".* FROM "users" WHERE "users"."id" = $1 LIMIT $2[0m  [["id", 1], ["LIMIT", 1]]
[active_model_serializers]   [1m[36mUser Load (0.3ms)[0m  [1m[34mSELECT  "users".* FROM "users" WHERE "users"."id" = $1 LIMIT $2[0m  [["id", 3], ["LIMIT", 1]]
[active_model_serializers] Rendered ActiveModel::Serializer::CollectionSerializer with ActiveModelSerializers::Adapter::Attributes (37.32ms)
Completed 200 OK in 69ms (Views: 53.6ms | ActiveRecord: 10.1ms)


  [1m[35m (0.2ms)[0m  [1m[34mSELECT pg_try_advisory_lock(3313717327239323550);[0m
  [1m[36mActiveRecord::SchemaMigration Load (0.4ms)[0m  [1m[34mSELECT "schema_migrations".* FROM "schema_migrations"[0m
Migrating to AddEmailAndPasswordDigestToUser (20161025191146)
  [1m[35m (0.1ms)[0m  [1m[35mBEGIN[0m
  [1m[35m (2.6ms)[0m  [1m[35mALTER TABLE "users" ADD "email" character varying[0m
  [1m[35m (0.3ms)[0m  [1m[35mALTER TABLE "users" ADD "password_digest" character varying[0m
  [1m[35mSQL (0.6ms)[0m  [1m[32mINSERT INTO "schema_migrations" ("version") VALUES ($1) RETURNING "version"[0m  [["version", "20161025191146"]]
  [1m[35m (0.8ms)[0m  [1m[35mCOMMIT[0m
  [1m[36mActiveRecord::InternalMetadata Load (0.3ms)[0m  [1m[34mSELECT  "ar_internal_metadata".* FROM "ar_internal_metadata" WHERE "ar_internal_metadata"."key" = $1 LIMIT $2[0m  [["key", :environment], ["LIMIT", 1]]
  [1m[35m (0.1ms)[0m  [1m[35mBEGIN[0m
  [1m[35m (0.1ms)[0m  [1m[35mCOMMIT[0m
  [1m[35m (0.2ms)[0m  [1m[34mSELECT pg_advisory_unlock(3313717327239323550)[0m
  [1m[36mActiveRecord::SchemaMigration Load (0.2ms)[0m  [1m[34mSELECT "schema_migrations".* FROM "schema_migrations"[0m
  [1m[35m (4.4ms)[0m  [1m[34mSELECT t2.oid::regclass::text AS to_table, a1.attname AS column, a2.attname AS primary_key, c.conname AS name, c.confupdtype AS on_update, c.confdeltype AS on_delete
FROM pg_constraint c
JOIN pg_class t1 ON c.conrelid = t1.oid
JOIN pg_class t2 ON c.confrelid = t2.oid
JOIN pg_attribute a1 ON a1.attnum = c.conkey[1] AND a1.attrelid = t1.oid
JOIN pg_attribute a2 ON a2.attnum = c.confkey[1] AND a2.attrelid = t2.oid
JOIN pg_namespace t3 ON c.connamespace = t3.oid
WHERE c.contype = 'f'
  AND t1.relname = 'drinks'
  AND t3.nspname = ANY (current_schemas(false))
ORDER BY c.conname
[0m
  [1m[35m (3.0ms)[0m  [1m[34mSELECT t2.oid::regclass::text AS to_table, a1.attname AS column, a2.attname AS primary_key, c.conname AS name, c.confupdtype AS on_update, c.confdeltype AS on_delete
FROM pg_constraint c
JOIN pg_class t1 ON c.conrelid = t1.oid
JOIN pg_class t2 ON c.confrelid = t2.oid
JOIN pg_attribute a1 ON a1.attnum = c.conkey[1] AND a1.attrelid = t1.oid
JOIN pg_attribute a2 ON a2.attnum = c.confkey[1] AND a2.attrelid = t2.oid
JOIN pg_namespace t3 ON c.connamespace = t3.oid
WHERE c.contype = 'f'
  AND t1.relname = 'users'
  AND t3.nspname = ANY (current_schemas(false))
ORDER BY c.conname
[0m
  [1m[35m (0.1ms)[0m  [1m[35mBEGIN[0m
  [1m[36mUser Exists (0.9ms)[0m  [1m[34mSELECT  1 AS one FROM "users" WHERE "users"."username" = $1 LIMIT $2[0m  [["username", "dave"], ["LIMIT", 1]]
  [1m[35mSQL (0.6ms)[0m  [1m[32mINSERT INTO "users" ("username", "created_at", "updated_at", "email", "password_digest") VALUES ($1, $2, $3, $4, $5) RETURNING "id"[0m  [["username", "dave"], ["created_at", 2016-10-25 19:42:18 UTC], ["updated_at", 2016-10-25 19:42:18 UTC], ["email", "dave@dave.com"], ["password_digest", "$2a$10$.YPSjozItu//f92t4v.jsej94JBNQHq5ByXaSuAe4NGHfhuelh2CO"]]
  [1m[35m (0.5ms)[0m  [1m[35mCOMMIT[0m
Started POST "/api/register" for 127.0.0.1 at 2016-10-26 11:14:37 +0100
  [1m[36mActiveRecord::SchemaMigration Load (1.5ms)[0m  [1m[34mSELECT "schema_migrations".* FROM "schema_migrations"[0m
Processing by AuthenticationsController#register as HTML
  Parameters: {"email"=>"claire@claire.com", "username"=>"claire", "first_name"=>"Claire", "last_name"=>"Smith", "password"=>"[FILTERED]", "password_confirmation"=>"[FILTERED]", "authentication"=>{"email"=>"claire@claire.com", "username"=>"claire", "first_name"=>"Claire", "last_name"=>"Smith", "password"=>"[FILTERED]", "password_confirmation"=>"[FILTERED]"}}
DEPRECATION WARNING: Method to_hash is deprecated and will be removed in Rails 5.1, as `ActionController::Parameters` no longer inherits from hash. Using this deprecated behavior exposes potential security problems. If you continue to use this method you may be creating a security vulnerability in your app that can be exploited. Instead, consider using one of these documented methods which are not deprecated: http://api.rubyonrails.org/v5.0.0.1/classes/ActionController/Parameters.html (called from merge! at /Users/aliciapearse/development/projects/wdi-project-4/pintage/app/controllers/authentications_controller.rb:17)
  [1m[35m (1.4ms)[0m  [1m[35mBEGIN[0m
  [1m[36mUser Exists (2.4ms)[0m  [1m[34mSELECT  1 AS one FROM "users" WHERE "users"."username" = $1 LIMIT $2[0m  [["username", "claire"], ["LIMIT", 1]]
  [1m[35mSQL (3.9ms)[0m  [1m[32mINSERT INTO "users" ("username", "first_name", "last_name", "created_at", "updated_at", "email", "password_digest") VALUES ($1, $2, $3, $4, $5, $6, $7) RETURNING "id"[0m  [["username", "claire"], ["first_name", "Claire"], ["last_name", "Smith"], ["created_at", 2016-10-26 10:14:37 UTC], ["updated_at", 2016-10-26 10:14:37 UTC], ["email", "claire@claire.com"], ["password_digest", "$2a$10$vrALSKli8sM2JKnnMlWECeH68OjBRVOpmxN41g5ApT/b9XFxxHDKC"]]
  [1m[35m (0.8ms)[0m  [1m[35mCOMMIT[0m
[active_model_serializers]   [1m[36mDrink Load (0.7ms)[0m  [1m[34mSELECT "drinks".* FROM "drinks" WHERE "drinks"."user_id" = $1[0m  [["user_id", 5]]
[active_model_serializers] Rendered UserSerializer with ActiveModelSerializers::Adapter::Attributes (25.66ms)
Completed 200 OK in 153ms (Views: 36.0ms | ActiveRecord: 19.4ms)


Started POST "/api/register" for 127.0.0.1 at 2016-10-26 11:14:38 +0100
Processing by AuthenticationsController#register as HTML
  Parameters: {"email"=>"claire@claire.com", "username"=>"claire", "first_name"=>"Claire", "last_name"=>"Smith", "password"=>"[FILTERED]", "password_confirmation"=>"[FILTERED]", "authentication"=>{"email"=>"claire@claire.com", "username"=>"claire", "first_name"=>"Claire", "last_name"=>"Smith", "password"=>"[FILTERED]", "password_confirmation"=>"[FILTERED]"}}
DEPRECATION WARNING: Method to_hash is deprecated and will be removed in Rails 5.1, as `ActionController::Parameters` no longer inherits from hash. Using this deprecated behavior exposes potential security problems. If you continue to use this method you may be creating a security vulnerability in your app that can be exploited. Instead, consider using one of these documented methods which are not deprecated: http://api.rubyonrails.org/v5.0.0.1/classes/ActionController/Parameters.html (called from merge! at /Users/aliciapearse/development/projects/wdi-project-4/pintage/app/controllers/authentications_controller.rb:17)
  [1m[35m (0.1ms)[0m  [1m[35mBEGIN[0m
  [1m[36mUser Exists (0.3ms)[0m  [1m[34mSELECT  1 AS one FROM "users" WHERE "users"."username" = $1 LIMIT $2[0m  [["username", "claire"], ["LIMIT", 1]]
  [1m[35m (0.2ms)[0m  [1m[31mROLLBACK[0m
[active_model_serializers] Rendered ActiveModel::Serializer::Null with Hash (0.09ms)
Completed 422 Unprocessable Entity in 81ms (Views: 3.1ms | ActiveRecord: 0.7ms)


Started POST "/api/register" for 127.0.0.1 at 2016-10-26 11:15:05 +0100
Processing by AuthenticationsController#register as HTML
  Parameters: {"email"=>"yeah@yeah.com", "username"=>"yeah", "first_name"=>"fuck", "last_name"=>"yeah", "password"=>"[FILTERED]", "password_confirmation"=>"[FILTERED]", "authentication"=>{"email"=>"yeah@yeah.com", "username"=>"yeah", "first_name"=>"fuck", "last_name"=>"yeah", "password"=>"[FILTERED]", "password_confirmation"=>"[FILTERED]"}}
DEPRECATION WARNING: Method to_hash is deprecated and will be removed in Rails 5.1, as `ActionController::Parameters` no longer inherits from hash. Using this deprecated behavior exposes potential security problems. If you continue to use this method you may be creating a security vulnerability in your app that can be exploited. Instead, consider using one of these documented methods which are not deprecated: http://api.rubyonrails.org/v5.0.0.1/classes/ActionController/Parameters.html (called from merge! at /Users/aliciapearse/development/projects/wdi-project-4/pintage/app/controllers/authentications_controller.rb:17)
  [1m[35m (0.1ms)[0m  [1m[35mBEGIN[0m
  [1m[36mUser Exists (0.3ms)[0m  [1m[34mSELECT  1 AS one FROM "users" WHERE "users"."username" = $1 LIMIT $2[0m  [["username", "yeah"], ["LIMIT", 1]]
  [1m[35mSQL (0.3ms)[0m  [1m[32mINSERT INTO "users" ("username", "first_name", "last_name", "created_at", "updated_at", "email", "password_digest") VALUES ($1, $2, $3, $4, $5, $6, $7) RETURNING "id"[0m  [["username", "yeah"], ["first_name", "fuck"], ["last_name", "yeah"], ["created_at", 2016-10-26 10:15:05 UTC], ["updated_at", 2016-10-26 10:15:05 UTC], ["email", "yeah@yeah.com"], ["password_digest", "$2a$10$.mLoorKVhCjNZqBNB960G.OwK4m1Frh5Czo/UXdvTPr6bgO3Nn64q"]]
  [1m[35m (1.2ms)[0m  [1m[35mCOMMIT[0m
[active_model_serializers]   [1m[36mDrink Load (0.3ms)[0m  [1m[34mSELECT "drinks".* FROM "drinks" WHERE "drinks"."user_id" = $1[0m  [["user_id", 6]]
[active_model_serializers] Rendered UserSerializer with ActiveModelSerializers::Adapter::Attributes (1.86ms)
Completed 200 OK in 72ms (Views: 2.0ms | ActiveRecord: 2.2ms)


  [1m[36mUser Load (0.5ms)[0m  [1m[34mSELECT  "users".* FROM "users" ORDER BY "users"."id" DESC LIMIT $1[0m  [["LIMIT", 1]]
Started POST "/api/register" for 127.0.0.1 at 2016-10-26 11:19:29 +0100
  [1m[36mActiveRecord::SchemaMigration Load (0.5ms)[0m  [1m[34mSELECT "schema_migrations".* FROM "schema_migrations"[0m
Processing by AuthenticationsController#register as HTML
  Parameters: {"email"=>"hell@hell.com", "username"=>"hell", "first_name"=>"hell", "last_name"=>"no", "password"=>"[FILTERED]", "password_confirmation"=>"[FILTERED]", "authentication"=>{"email"=>"hell@hell.com", "username"=>"hell", "first_name"=>"hell", "last_name"=>"no", "password"=>"[FILTERED]", "password_confirmation"=>"[FILTERED]"}}
DEPRECATION WARNING: Method to_hash is deprecated and will be removed in Rails 5.1, as `ActionController::Parameters` no longer inherits from hash. Using this deprecated behavior exposes potential security problems. If you continue to use this method you may be creating a security vulnerability in your app that can be exploited. Instead, consider using one of these documented methods which are not deprecated: http://api.rubyonrails.org/v5.0.0.1/classes/ActionController/Parameters.html (called from merge! at /Users/aliciapearse/development/projects/wdi-project-4/pintage/app/controllers/authentications_controller.rb:17)
  [1m[35m (0.2ms)[0m  [1m[35mBEGIN[0m
  [1m[36mUser Exists (0.8ms)[0m  [1m[34mSELECT  1 AS one FROM "users" WHERE "users"."username" = $1 LIMIT $2[0m  [["username", "hell"], ["LIMIT", 1]]
  [1m[35mSQL (0.5ms)[0m  [1m[32mINSERT INTO "users" ("username", "first_name", "last_name", "created_at", "updated_at", "email", "password_digest") VALUES ($1, $2, $3, $4, $5, $6, $7) RETURNING "id"[0m  [["username", "hell"], ["first_name", "hell"], ["last_name", "no"], ["created_at", 2016-10-26 10:19:29 UTC], ["updated_at", 2016-10-26 10:19:29 UTC], ["email", "hell@hell.com"], ["password_digest", "$2a$10$tCX1vNUC4RQrytjNuoB53uMsMmcv8C.oe8dBTN0XDajfuOF0KjB8m"]]
  [1m[35m (1.3ms)[0m  [1m[35mCOMMIT[0m
[active_model_serializers]   [1m[36mDrink Load (1.2ms)[0m  [1m[34mSELECT "drinks".* FROM "drinks" WHERE "drinks"."user_id" = $1[0m  [["user_id", 7]]
[active_model_serializers] Rendered UserSerializer with ActiveModelSerializers::Adapter::Attributes (23.12ms)
Completed 200 OK in 129ms (Views: 28.7ms | ActiveRecord: 11.8ms)


  [1m[36mUser Load (3.2ms)[0m  [1m[34mSELECT  "users".* FROM "users" ORDER BY "users"."id" DESC LIMIT $1[0m  [["LIMIT", 1]]
Started POST "/api/login" for 127.0.0.1 at 2016-10-26 11:25:55 +0100
Processing by AuthenticationsController#login as HTML
  Parameters: {"email"=>"claire@claire.com", "password"=>"[FILTERED]", "authentication"=>{"email"=>"claire@claire.com", "password"=>"[FILTERED]"}}
  [1m[36mUser Load (0.2ms)[0m  [1m[34mSELECT  "users".* FROM "users" WHERE "users"."email" = $1 LIMIT $2[0m  [["email", "claire@claire.com"], ["LIMIT", 1]]
[active_model_serializers]   [1m[36mDrink Load (0.3ms)[0m  [1m[34mSELECT "drinks".* FROM "drinks" WHERE "drinks"."user_id" = $1[0m  [["user_id", 5]]
[active_model_serializers] Rendered UserSerializer with ActiveModelSerializers::Adapter::Attributes (7.44ms)
Completed 200 OK in 92ms (Views: 6.5ms | ActiveRecord: 6.4ms)


Started POST "/api/login" for 127.0.0.1 at 2016-10-26 11:26:08 +0100
Processing by AuthenticationsController#login as HTML
  Parameters: {"email"=>"claire@claire.com", "password"=>"[FILTERED]", "authentication"=>{"email"=>"claire@claire.com", "password"=>"[FILTERED]"}}
  [1m[36mUser Load (0.3ms)[0m  [1m[34mSELECT  "users".* FROM "users" WHERE "users"."email" = $1 LIMIT $2[0m  [["email", "claire@claire.com"], ["LIMIT", 1]]
[active_model_serializers] Rendered ActiveModel::Serializer::Null with Hash (0.12ms)
Completed 401 Unauthorized in 69ms (Views: 2.5ms | ActiveRecord: 0.3ms)


Started GET "/" for ::1 at 2016-10-26 13:09:07 +0100
Processing by Rails::WelcomeController#index as HTML
  Parameters: {"internal"=>true}
  Rendering /Users/aliciapearse/.rbenv/versions/2.3.1/lib/ruby/gems/2.3.0/gems/railties-5.0.0.1/lib/rails/templates/rails/welcome/index.html.erb
  Rendered /Users/aliciapearse/.rbenv/versions/2.3.1/lib/ruby/gems/2.3.0/gems/railties-5.0.0.1/lib/rails/templates/rails/welcome/index.html.erb (4.5ms)
Completed 200 OK in 14ms (Views: 11.0ms | ActiveRecord: 0.0ms)


Started POST "/api/register" for 127.0.0.1 at 2016-10-26 14:49:25 +0100
  [1m[36mActiveRecord::SchemaMigration Load (0.5ms)[0m  [1m[34mSELECT "schema_migrations".* FROM "schema_migrations"[0m
Processing by AuthenticationsController#register as HTML
  Parameters: {"username"=>"homie", "first_name"=>"Sup", "last_name"=>"Homie", "email"=>"homie@homie.com", "password"=>"[FILTERED]", "password_confirmation"=>"[FILTERED]", "authentication"=>{"username"=>"homie", "first_name"=>"Sup", "last_name"=>"Homie", "email"=>"homie@homie.com", "password"=>"[FILTERED]", "password_confirmation"=>"[FILTERED]"}}
DEPRECATION WARNING: Method to_hash is deprecated and will be removed in Rails 5.1, as `ActionController::Parameters` no longer inherits from hash. Using this deprecated behavior exposes potential security problems. If you continue to use this method you may be creating a security vulnerability in your app that can be exploited. Instead, consider using one of these documented methods which are not deprecated: http://api.rubyonrails.org/v5.0.0.1/classes/ActionController/Parameters.html (called from merge! at /Users/aliciapearse/development/projects/wdi-project-4/pintage/app/controllers/authentications_controller.rb:25)
  [1m[35m (0.1ms)[0m  [1m[35mBEGIN[0m
  [1m[36mUser Exists (0.9ms)[0m  [1m[34mSELECT  1 AS one FROM "users" WHERE "users"."username" = $1 LIMIT $2[0m  [["username", "homie"], ["LIMIT", 1]]
  [1m[35mSQL (0.8ms)[0m  [1m[32mINSERT INTO "users" ("username", "first_name", "last_name", "created_at", "updated_at", "email", "password_digest") VALUES ($1, $2, $3, $4, $5, $6, $7) RETURNING "id"[0m  [["username", "homie"], ["first_name", "Sup"], ["last_name", "Homie"], ["created_at", 2016-10-26 13:49:25 UTC], ["updated_at", 2016-10-26 13:49:25 UTC], ["email", "homie@homie.com"], ["password_digest", "$2a$10$vbvFWKMvf3puphP5wg7k8u0wbZaJPbF4A/PTr339PQoh9OeT/nQ9G"]]
  [1m[35m (0.7ms)[0m  [1m[35mCOMMIT[0m
[active_model_serializers]   [1m[36mDrink Load (0.4ms)[0m  [1m[34mSELECT "drinks".* FROM "drinks" WHERE "drinks"."user_id" = $1[0m  [["user_id", 8]]
[active_model_serializers] Rendered ActiveModel::Serializer::Null with Hash (26.01ms)
Completed 200 OK in 137ms (Views: 27.0ms | ActiveRecord: 10.4ms)


Started POST "/api/login" for 127.0.0.1 at 2016-10-26 14:50:05 +0100
Processing by AuthenticationsController#login as HTML
  Parameters: {"email"=>"homie@homie.com", "password"=>"[FILTERED]", "authentication"=>{"email"=>"homie@homie.com", "password"=>"[FILTERED]"}}
  [1m[36mUser Load (0.2ms)[0m  [1m[34mSELECT  "users".* FROM "users" WHERE "users"."email" = $1 LIMIT $2[0m  [["email", "homie@homie.com"], ["LIMIT", 1]]
[active_model_serializers]   [1m[36mDrink Load (0.4ms)[0m  [1m[34mSELECT "drinks".* FROM "drinks" WHERE "drinks"."user_id" = $1[0m  [["user_id", 8]]
[active_model_serializers] Rendered ActiveModel::Serializer::Null with Hash (2.77ms)
Completed 200 OK in 71ms (Views: 2.8ms | ActiveRecord: 0.6ms)


Started POST "/api/drinks" for 127.0.0.1 at 2016-10-26 14:59:46 +0100
  [1m[36mActiveRecord::SchemaMigration Load (0.5ms)[0m  [1m[34mSELECT "schema_migrations".* FROM "schema_migrations"[0m
Processing by DrinksController#create as HTML
  Parameters: {"email"=>"homie@homie.com", "password"=>"[FILTERED]", "drink"=>{}}
[active_model_serializers] Rendered ActiveModel::Serializer::Null with Hash (0.13ms)
Filter chain halted as :authenticate_user! rendered or redirected
Completed 401 Unauthorized in 3ms (Views: 2.6ms | ActiveRecord: 2.9ms)


Started GET "/api/drinks" for 127.0.0.1 at 2016-10-26 15:00:01 +0100
Processing by DrinksController#index as HTML
  Parameters: {"email"=>"homie@homie.com", "password"=>"[FILTERED]", "drink"=>{}}
[active_model_serializers] Rendered ActiveModel::Serializer::Null with Hash (0.11ms)
Filter chain halted as :authenticate_user! rendered or redirected
Completed 401 Unauthorized in 1ms (Views: 0.4ms | ActiveRecord: 0.0ms)


Started POST "/api/login" for 127.0.0.1 at 2016-10-26 15:01:41 +0100
Processing by AuthenticationsController#login as HTML
  Parameters: {"email"=>"homie@homie.com", "password"=>"[FILTERED]", "authentication"=>{"email"=>"homie@homie.com", "password"=>"[FILTERED]"}}
  [1m[36mUser Load (0.4ms)[0m  [1m[34mSELECT  "users".* FROM "users" WHERE "users"."email" = $1 LIMIT $2[0m  [["email", "homie@homie.com"], ["LIMIT", 1]]
[active_model_serializers]   [1m[36mDrink Load (0.4ms)[0m  [1m[34mSELECT "drinks".* FROM "drinks" WHERE "drinks"."user_id" = $1[0m  [["user_id", 8]]
[active_model_serializers] Rendered ActiveModel::Serializer::Null with Hash (21.57ms)
Completed 200 OK in 113ms (Views: 21.2ms | ActiveRecord: 6.9ms)


Started GET "/api/drinks" for 127.0.0.1 at 2016-10-26 15:04:33 +0100
Processing by DrinksController#index as HTML
  Parameters: {"email"=>"homie@homie.com", "password"=>"[FILTERED]", "drink"=>{}}
[active_model_serializers] Rendered ActiveModel::Serializer::Null with Hash (0.09ms)
Filter chain halted as :authenticate_user! rendered or redirected
Completed 401 Unauthorized in 1ms (Views: 0.6ms | ActiveRecord: 0.0ms)


Started GET "/api/drinks" for 127.0.0.1 at 2016-10-26 15:05:14 +0100
  
NoMethodError (undefined method `symbol' for nil:NilClass):
  
actionpack (5.0.0.1) lib/action_dispatch/http/parameters.rb:63:in `parse_formatted_parameters'
actionpack (5.0.0.1) lib/action_dispatch/http/request.rb:366:in `block in POST'
rack (2.0.1) lib/rack/request.rb:57:in `fetch'
rack (2.0.1) lib/rack/request.rb:57:in `fetch_header'
actionpack (5.0.0.1) lib/action_dispatch/http/request.rb:365:in `POST'
actionpack (5.0.0.1) lib/action_dispatch/http/parameters.rb:35:in `parameters'
actionpack (5.0.0.1) lib/action_dispatch/http/filter_parameters.rb:41:in `filtered_parameters'
actionpack (5.0.0.1) lib/action_controller/metal/instrumentation.rb:21:in `process_action'
actionpack (5.0.0.1) lib/action_controller/metal/params_wrapper.rb:248:in `process_action'
activerecord (5.0.0.1) lib/active_record/railties/controller_runtime.rb:18:in `process_action'
actionpack (5.0.0.1) lib/abstract_controller/base.rb:126:in `process'
actionpack (5.0.0.1) lib/action_controller/metal.rb:190:in `dispatch'
actionpack (5.0.0.1) lib/action_controller/metal.rb:262:in `dispatch'
actionpack (5.0.0.1) lib/action_dispatch/routing/route_set.rb:50:in `dispatch'
actionpack (5.0.0.1) lib/action_dispatch/routing/route_set.rb:32:in `serve'
actionpack (5.0.0.1) lib/action_dispatch/journey/router.rb:39:in `block in serve'
actionpack (5.0.0.1) lib/action_dispatch/journey/router.rb:26:in `each'
actionpack (5.0.0.1) lib/action_dispatch/journey/router.rb:26:in `serve'
actionpack (5.0.0.1) lib/action_dispatch/routing/route_set.rb:725:in `call'
rack (2.0.1) lib/rack/etag.rb:25:in `call'
rack (2.0.1) lib/rack/conditional_get.rb:25:in `call'
rack (2.0.1) lib/rack/head.rb:12:in `call'
activerecord (5.0.0.1) lib/active_record/migration.rb:552:in `call'
actionpack (5.0.0.1) lib/action_dispatch/middleware/callbacks.rb:38:in `block in call'
activesupport (5.0.0.1) lib/active_support/callbacks.rb:97:in `__run_callbacks__'
activesupport (5.0.0.1) lib/active_support/callbacks.rb:750:in `_run_call_callbacks'
activesupport (5.0.0.1) lib/active_support/callbacks.rb:90:in `run_callbacks'
actionpack (5.0.0.1) lib/action_dispatch/middleware/callbacks.rb:36:in `call'
actionpack (5.0.0.1) lib/action_dispatch/middleware/executor.rb:12:in `call'
actionpack (5.0.0.1) lib/action_dispatch/middleware/remote_ip.rb:79:in `call'
actionpack (5.0.0.1) lib/action_dispatch/middleware/debug_exceptions.rb:49:in `call'
actionpack (5.0.0.1) lib/action_dispatch/middleware/show_exceptions.rb:31:in `call'
railties (5.0.0.1) lib/rails/rack/logger.rb:36:in `call_app'
railties (5.0.0.1) lib/rails/rack/logger.rb:24:in `block in call'
activesupport (5.0.0.1) lib/active_support/tagged_logging.rb:70:in `block in tagged'
activesupport (5.0.0.1) lib/active_support/tagged_logging.rb:26:in `tagged'
activesupport (5.0.0.1) lib/active_support/tagged_logging.rb:70:in `tagged'
railties (5.0.0.1) lib/rails/rack/logger.rb:24:in `call'
actionpack (5.0.0.1) lib/action_dispatch/middleware/request_id.rb:24:in `call'
rack (2.0.1) lib/rack/runtime.rb:22:in `call'
activesupport (5.0.0.1) lib/active_support/cache/strategy/local_cache_middleware.rb:28:in `call'
actionpack (5.0.0.1) lib/action_dispatch/middleware/executor.rb:12:in `call'
actionpack (5.0.0.1) lib/action_dispatch/middleware/static.rb:136:in `call'
rack (2.0.1) lib/rack/sendfile.rb:111:in `call'
rack-cors (0.4.0) lib/rack/cors.rb:80:in `call'
railties (5.0.0.1) lib/rails/engine.rb:522:in `call'
puma (3.6.0) lib/puma/configuration.rb:225:in `call'
puma (3.6.0) lib/puma/server.rb:578:in `handle_request'
puma (3.6.0) lib/puma/server.rb:415:in `process_client'
puma (3.6.0) lib/puma/server.rb:275:in `block in run'
puma (3.6.0) lib/puma/thread_pool.rb:116:in `block in spawn_thread'
Started GET "/api/drinks" for ::1 at 2016-10-26 15:07:26 +0100
Processing by DrinksController#index as HTML
[active_model_serializers] Rendered ActiveModel::Serializer::Null with Hash (0.08ms)
Filter chain halted as :authenticate_user! rendered or redirected
Completed 401 Unauthorized in 1ms (Views: 0.6ms | ActiveRecord: 0.0ms)


Started GET "/api/users" for ::1 at 2016-10-26 15:07:32 +0100
Processing by UsersController#index as HTML
[active_model_serializers] Rendered ActiveModel::Serializer::Null with Hash (0.07ms)
Filter chain halted as :authenticate_user! rendered or redirected
Completed 401 Unauthorized in 1ms (Views: 0.5ms | ActiveRecord: 0.0ms)


Started GET "/" for ::1 at 2016-10-26 15:07:40 +0100
Processing by Rails::WelcomeController#index as HTML
  Parameters: {"internal"=>true}
  Rendering /Users/aliciapearse/.rbenv/versions/2.3.1/lib/ruby/gems/2.3.0/gems/railties-5.0.0.1/lib/rails/templates/rails/welcome/index.html.erb
  Rendered /Users/aliciapearse/.rbenv/versions/2.3.1/lib/ruby/gems/2.3.0/gems/railties-5.0.0.1/lib/rails/templates/rails/welcome/index.html.erb (4.4ms)
Completed 200 OK in 12ms (Views: 10.1ms | ActiveRecord: 0.0ms)


Started GET "/api/users" for ::1 at 2016-10-26 15:07:44 +0100
Processing by UsersController#index as HTML
[active_model_serializers] Rendered ActiveModel::Serializer::Null with Hash (0.14ms)
Filter chain halted as :authenticate_user! rendered or redirected
Completed 401 Unauthorized in 1ms (Views: 0.8ms | ActiveRecord: 0.0ms)


Started GET "/api/users" for ::1 at 2016-10-26 15:08:13 +0100
  [1m[36mActiveRecord::SchemaMigration Load (0.5ms)[0m  [1m[34mSELECT "schema_migrations".* FROM "schema_migrations"[0m
Processing by UsersController#index as HTML
[active_model_serializers] Rendered ActiveModel::Serializer::Null with Hash (0.19ms)
Filter chain halted as :authenticate_user! rendered or redirected
Completed 401 Unauthorized in 3ms (Views: 2.4ms | ActiveRecord: 0.0ms)


Started POST "/api/login" for 127.0.0.1 at 2016-10-26 15:08:29 +0100
  
NoMethodError (undefined method `symbol' for nil:NilClass):
  
actionpack (5.0.0.1) lib/action_dispatch/http/parameters.rb:63:in `parse_formatted_parameters'
actionpack (5.0.0.1) lib/action_dispatch/http/request.rb:366:in `block in POST'
rack (2.0.1) lib/rack/request.rb:57:in `fetch'
rack (2.0.1) lib/rack/request.rb:57:in `fetch_header'
actionpack (5.0.0.1) lib/action_dispatch/http/request.rb:365:in `POST'
actionpack (5.0.0.1) lib/action_dispatch/http/parameters.rb:35:in `parameters'
actionpack (5.0.0.1) lib/action_dispatch/http/filter_parameters.rb:41:in `filtered_parameters'
actionpack (5.0.0.1) lib/action_controller/metal/instrumentation.rb:21:in `process_action'
actionpack (5.0.0.1) lib/action_controller/metal/params_wrapper.rb:248:in `process_action'
activerecord (5.0.0.1) lib/active_record/railties/controller_runtime.rb:18:in `process_action'
actionpack (5.0.0.1) lib/abstract_controller/base.rb:126:in `process'
actionpack (5.0.0.1) lib/action_controller/metal.rb:190:in `dispatch'
actionpack (5.0.0.1) lib/action_controller/metal.rb:262:in `dispatch'
actionpack (5.0.0.1) lib/action_dispatch/routing/route_set.rb:50:in `dispatch'
actionpack (5.0.0.1) lib/action_dispatch/routing/route_set.rb:32:in `serve'
actionpack (5.0.0.1) lib/action_dispatch/journey/router.rb:39:in `block in serve'
actionpack (5.0.0.1) lib/action_dispatch/journey/router.rb:26:in `each'
actionpack (5.0.0.1) lib/action_dispatch/journey/router.rb:26:in `serve'
actionpack (5.0.0.1) lib/action_dispatch/routing/route_set.rb:725:in `call'
rack (2.0.1) lib/rack/etag.rb:25:in `call'
rack (2.0.1) lib/rack/conditional_get.rb:38:in `call'
rack (2.0.1) lib/rack/head.rb:12:in `call'
activerecord (5.0.0.1) lib/active_record/migration.rb:552:in `call'
actionpack (5.0.0.1) lib/action_dispatch/middleware/callbacks.rb:38:in `block in call'
activesupport (5.0.0.1) lib/active_support/callbacks.rb:97:in `__run_callbacks__'
activesupport (5.0.0.1) lib/active_support/callbacks.rb:750:in `_run_call_callbacks'
activesupport (5.0.0.1) lib/active_support/callbacks.rb:90:in `run_callbacks'
actionpack (5.0.0.1) lib/action_dispatch/middleware/callbacks.rb:36:in `call'
actionpack (5.0.0.1) lib/action_dispatch/middleware/executor.rb:12:in `call'
actionpack (5.0.0.1) lib/action_dispatch/middleware/remote_ip.rb:79:in `call'
actionpack (5.0.0.1) lib/action_dispatch/middleware/debug_exceptions.rb:49:in `call'
actionpack (5.0.0.1) lib/action_dispatch/middleware/show_exceptions.rb:31:in `call'
railties (5.0.0.1) lib/rails/rack/logger.rb:36:in `call_app'
railties (5.0.0.1) lib/rails/rack/logger.rb:24:in `block in call'
activesupport (5.0.0.1) lib/active_support/tagged_logging.rb:70:in `block in tagged'
activesupport (5.0.0.1) lib/active_support/tagged_logging.rb:26:in `tagged'
activesupport (5.0.0.1) lib/active_support/tagged_logging.rb:70:in `tagged'
railties (5.0.0.1) lib/rails/rack/logger.rb:24:in `call'
actionpack (5.0.0.1) lib/action_dispatch/middleware/request_id.rb:24:in `call'
rack (2.0.1) lib/rack/runtime.rb:22:in `call'
activesupport (5.0.0.1) lib/active_support/cache/strategy/local_cache_middleware.rb:28:in `call'
actionpack (5.0.0.1) lib/action_dispatch/middleware/executor.rb:12:in `call'
actionpack (5.0.0.1) lib/action_dispatch/middleware/static.rb:136:in `call'
rack (2.0.1) lib/rack/sendfile.rb:111:in `call'
rack-cors (0.4.0) lib/rack/cors.rb:80:in `call'
railties (5.0.0.1) lib/rails/engine.rb:522:in `call'
puma (3.6.0) lib/puma/configuration.rb:225:in `call'
puma (3.6.0) lib/puma/server.rb:578:in `handle_request'
puma (3.6.0) lib/puma/server.rb:415:in `process_client'
puma (3.6.0) lib/puma/server.rb:275:in `block in run'
puma (3.6.0) lib/puma/thread_pool.rb:116:in `block in spawn_thread'
Started GET "/api/login" for 127.0.0.1 at 2016-10-26 15:08:44 +0100
  
ActionController::RoutingError (No route matches [GET] "/api/login"):
  
actionpack (5.0.0.1) lib/action_dispatch/middleware/debug_exceptions.rb:53:in `call'
actionpack (5.0.0.1) lib/action_dispatch/middleware/show_exceptions.rb:31:in `call'
railties (5.0.0.1) lib/rails/rack/logger.rb:36:in `call_app'
railties (5.0.0.1) lib/rails/rack/logger.rb:24:in `block in call'
activesupport (5.0.0.1) lib/active_support/tagged_logging.rb:70:in `block in tagged'
activesupport (5.0.0.1) lib/active_support/tagged_logging.rb:26:in `tagged'
activesupport (5.0.0.1) lib/active_support/tagged_logging.rb:70:in `tagged'
railties (5.0.0.1) lib/rails/rack/logger.rb:24:in `call'
actionpack (5.0.0.1) lib/action_dispatch/middleware/request_id.rb:24:in `call'
rack (2.0.1) lib/rack/runtime.rb:22:in `call'
activesupport (5.0.0.1) lib/active_support/cache/strategy/local_cache_middleware.rb:28:in `call'
actionpack (5.0.0.1) lib/action_dispatch/middleware/executor.rb:12:in `call'
actionpack (5.0.0.1) lib/action_dispatch/middleware/static.rb:136:in `call'
rack (2.0.1) lib/rack/sendfile.rb:111:in `call'
rack-cors (0.4.0) lib/rack/cors.rb:80:in `call'
railties (5.0.0.1) lib/rails/engine.rb:522:in `call'
puma (3.6.0) lib/puma/configuration.rb:225:in `call'
puma (3.6.0) lib/puma/server.rb:578:in `handle_request'
puma (3.6.0) lib/puma/server.rb:415:in `process_client'
puma (3.6.0) lib/puma/server.rb:275:in `block in run'
puma (3.6.0) lib/puma/thread_pool.rb:116:in `block in spawn_thread'
Started GET "/api/login" for 127.0.0.1 at 2016-10-26 15:08:56 +0100
  
ActionController::RoutingError (No route matches [GET] "/api/login"):
  
actionpack (5.0.0.1) lib/action_dispatch/middleware/debug_exceptions.rb:53:in `call'
actionpack (5.0.0.1) lib/action_dispatch/middleware/show_exceptions.rb:31:in `call'
railties (5.0.0.1) lib/rails/rack/logger.rb:36:in `call_app'
railties (5.0.0.1) lib/rails/rack/logger.rb:24:in `block in call'
activesupport (5.0.0.1) lib/active_support/tagged_logging.rb:70:in `block in tagged'
activesupport (5.0.0.1) lib/active_support/tagged_logging.rb:26:in `tagged'
activesupport (5.0.0.1) lib/active_support/tagged_logging.rb:70:in `tagged'
railties (5.0.0.1) lib/rails/rack/logger.rb:24:in `call'
actionpack (5.0.0.1) lib/action_dispatch/middleware/request_id.rb:24:in `call'
rack (2.0.1) lib/rack/runtime.rb:22:in `call'
activesupport (5.0.0.1) lib/active_support/cache/strategy/local_cache_middleware.rb:28:in `call'
actionpack (5.0.0.1) lib/action_dispatch/middleware/executor.rb:12:in `call'
actionpack (5.0.0.1) lib/action_dispatch/middleware/static.rb:136:in `call'
rack (2.0.1) lib/rack/sendfile.rb:111:in `call'
rack-cors (0.4.0) lib/rack/cors.rb:80:in `call'
railties (5.0.0.1) lib/rails/engine.rb:522:in `call'
puma (3.6.0) lib/puma/configuration.rb:225:in `call'
puma (3.6.0) lib/puma/server.rb:578:in `handle_request'
puma (3.6.0) lib/puma/server.rb:415:in `process_client'
puma (3.6.0) lib/puma/server.rb:275:in `block in run'
puma (3.6.0) lib/puma/thread_pool.rb:116:in `block in spawn_thread'
Started POST "/api/login" for 127.0.0.1 at 2016-10-26 15:09:01 +0100
  
NoMethodError (undefined method `symbol' for nil:NilClass):
  
actionpack (5.0.0.1) lib/action_dispatch/http/parameters.rb:63:in `parse_formatted_parameters'
actionpack (5.0.0.1) lib/action_dispatch/http/request.rb:366:in `block in POST'
rack (2.0.1) lib/rack/request.rb:57:in `fetch'
rack (2.0.1) lib/rack/request.rb:57:in `fetch_header'
actionpack (5.0.0.1) lib/action_dispatch/http/request.rb:365:in `POST'
actionpack (5.0.0.1) lib/action_dispatch/http/parameters.rb:35:in `parameters'
actionpack (5.0.0.1) lib/action_dispatch/http/filter_parameters.rb:41:in `filtered_parameters'
actionpack (5.0.0.1) lib/action_controller/metal/instrumentation.rb:21:in `process_action'
actionpack (5.0.0.1) lib/action_controller/metal/params_wrapper.rb:248:in `process_action'
activerecord (5.0.0.1) lib/active_record/railties/controller_runtime.rb:18:in `process_action'
actionpack (5.0.0.1) lib/abstract_controller/base.rb:126:in `process'
actionpack (5.0.0.1) lib/action_controller/metal.rb:190:in `dispatch'
actionpack (5.0.0.1) lib/action_controller/metal.rb:262:in `dispatch'
actionpack (5.0.0.1) lib/action_dispatch/routing/route_set.rb:50:in `dispatch'
actionpack (5.0.0.1) lib/action_dispatch/routing/route_set.rb:32:in `serve'
actionpack (5.0.0.1) lib/action_dispatch/journey/router.rb:39:in `block in serve'
actionpack (5.0.0.1) lib/action_dispatch/journey/router.rb:26:in `each'
actionpack (5.0.0.1) lib/action_dispatch/journey/router.rb:26:in `serve'
actionpack (5.0.0.1) lib/action_dispatch/routing/route_set.rb:725:in `call'
rack (2.0.1) lib/rack/etag.rb:25:in `call'
rack (2.0.1) lib/rack/conditional_get.rb:38:in `call'
rack (2.0.1) lib/rack/head.rb:12:in `call'
activerecord (5.0.0.1) lib/active_record/migration.rb:552:in `call'
actionpack (5.0.0.1) lib/action_dispatch/middleware/callbacks.rb:38:in `block in call'
activesupport (5.0.0.1) lib/active_support/callbacks.rb:97:in `__run_callbacks__'
activesupport (5.0.0.1) lib/active_support/callbacks.rb:750:in `_run_call_callbacks'
activesupport (5.0.0.1) lib/active_support/callbacks.rb:90:in `run_callbacks'
actionpack (5.0.0.1) lib/action_dispatch/middleware/callbacks.rb:36:in `call'
actionpack (5.0.0.1) lib/action_dispatch/middleware/executor.rb:12:in `call'
actionpack (5.0.0.1) lib/action_dispatch/middleware/remote_ip.rb:79:in `call'
actionpack (5.0.0.1) lib/action_dispatch/middleware/debug_exceptions.rb:49:in `call'
actionpack (5.0.0.1) lib/action_dispatch/middleware/show_exceptions.rb:31:in `call'
railties (5.0.0.1) lib/rails/rack/logger.rb:36:in `call_app'
railties (5.0.0.1) lib/rails/rack/logger.rb:24:in `block in call'
activesupport (5.0.0.1) lib/active_support/tagged_logging.rb:70:in `block in tagged'
activesupport (5.0.0.1) lib/active_support/tagged_logging.rb:26:in `tagged'
activesupport (5.0.0.1) lib/active_support/tagged_logging.rb:70:in `tagged'
railties (5.0.0.1) lib/rails/rack/logger.rb:24:in `call'
actionpack (5.0.0.1) lib/action_dispatch/middleware/request_id.rb:24:in `call'
rack (2.0.1) lib/rack/runtime.rb:22:in `call'
activesupport (5.0.0.1) lib/active_support/cache/strategy/local_cache_middleware.rb:28:in `call'
actionpack (5.0.0.1) lib/action_dispatch/middleware/executor.rb:12:in `call'
actionpack (5.0.0.1) lib/action_dispatch/middleware/static.rb:136:in `call'
rack (2.0.1) lib/rack/sendfile.rb:111:in `call'
rack-cors (0.4.0) lib/rack/cors.rb:80:in `call'
railties (5.0.0.1) lib/rails/engine.rb:522:in `call'
puma (3.6.0) lib/puma/configuration.rb:225:in `call'
puma (3.6.0) lib/puma/server.rb:578:in `handle_request'
puma (3.6.0) lib/puma/server.rb:415:in `process_client'
puma (3.6.0) lib/puma/server.rb:275:in `block in run'
puma (3.6.0) lib/puma/thread_pool.rb:116:in `block in spawn_thread'
Started POST "/api/register" for 127.0.0.1 at 2016-10-26 15:09:06 +0100
  
NoMethodError (undefined method `symbol' for nil:NilClass):
  
actionpack (5.0.0.1) lib/action_dispatch/http/parameters.rb:63:in `parse_formatted_parameters'
actionpack (5.0.0.1) lib/action_dispatch/http/request.rb:366:in `block in POST'
rack (2.0.1) lib/rack/request.rb:57:in `fetch'
rack (2.0.1) lib/rack/request.rb:57:in `fetch_header'
actionpack (5.0.0.1) lib/action_dispatch/http/request.rb:365:in `POST'
actionpack (5.0.0.1) lib/action_dispatch/http/parameters.rb:35:in `parameters'
actionpack (5.0.0.1) lib/action_dispatch/http/filter_parameters.rb:41:in `filtered_parameters'
actionpack (5.0.0.1) lib/action_controller/metal/instrumentation.rb:21:in `process_action'
actionpack (5.0.0.1) lib/action_controller/metal/params_wrapper.rb:248:in `process_action'
activerecord (5.0.0.1) lib/active_record/railties/controller_runtime.rb:18:in `process_action'
actionpack (5.0.0.1) lib/abstract_controller/base.rb:126:in `process'
actionpack (5.0.0.1) lib/action_controller/metal.rb:190:in `dispatch'
actionpack (5.0.0.1) lib/action_controller/metal.rb:262:in `dispatch'
actionpack (5.0.0.1) lib/action_dispatch/routing/route_set.rb:50:in `dispatch'
actionpack (5.0.0.1) lib/action_dispatch/routing/route_set.rb:32:in `serve'
actionpack (5.0.0.1) lib/action_dispatch/journey/router.rb:39:in `block in serve'
actionpack (5.0.0.1) lib/action_dispatch/journey/router.rb:26:in `each'
actionpack (5.0.0.1) lib/action_dispatch/journey/router.rb:26:in `serve'
actionpack (5.0.0.1) lib/action_dispatch/routing/route_set.rb:725:in `call'
rack (2.0.1) lib/rack/etag.rb:25:in `call'
rack (2.0.1) lib/rack/conditional_get.rb:38:in `call'
rack (2.0.1) lib/rack/head.rb:12:in `call'
activerecord (5.0.0.1) lib/active_record/migration.rb:552:in `call'
actionpack (5.0.0.1) lib/action_dispatch/middleware/callbacks.rb:38:in `block in call'
activesupport (5.0.0.1) lib/active_support/callbacks.rb:97:in `__run_callbacks__'
activesupport (5.0.0.1) lib/active_support/callbacks.rb:750:in `_run_call_callbacks'
activesupport (5.0.0.1) lib/active_support/callbacks.rb:90:in `run_callbacks'
actionpack (5.0.0.1) lib/action_dispatch/middleware/callbacks.rb:36:in `call'
actionpack (5.0.0.1) lib/action_dispatch/middleware/executor.rb:12:in `call'
actionpack (5.0.0.1) lib/action_dispatch/middleware/remote_ip.rb:79:in `call'
actionpack (5.0.0.1) lib/action_dispatch/middleware/debug_exceptions.rb:49:in `call'
actionpack (5.0.0.1) lib/action_dispatch/middleware/show_exceptions.rb:31:in `call'
railties (5.0.0.1) lib/rails/rack/logger.rb:36:in `call_app'
railties (5.0.0.1) lib/rails/rack/logger.rb:24:in `block in call'
activesupport (5.0.0.1) lib/active_support/tagged_logging.rb:70:in `block in tagged'
activesupport (5.0.0.1) lib/active_support/tagged_logging.rb:26:in `tagged'
activesupport (5.0.0.1) lib/active_support/tagged_logging.rb:70:in `tagged'
railties (5.0.0.1) lib/rails/rack/logger.rb:24:in `call'
actionpack (5.0.0.1) lib/action_dispatch/middleware/request_id.rb:24:in `call'
rack (2.0.1) lib/rack/runtime.rb:22:in `call'
activesupport (5.0.0.1) lib/active_support/cache/strategy/local_cache_middleware.rb:28:in `call'
actionpack (5.0.0.1) lib/action_dispatch/middleware/executor.rb:12:in `call'
actionpack (5.0.0.1) lib/action_dispatch/middleware/static.rb:136:in `call'
rack (2.0.1) lib/rack/sendfile.rb:111:in `call'
rack-cors (0.4.0) lib/rack/cors.rb:80:in `call'
railties (5.0.0.1) lib/rails/engine.rb:522:in `call'
puma (3.6.0) lib/puma/configuration.rb:225:in `call'
puma (3.6.0) lib/puma/server.rb:578:in `handle_request'
puma (3.6.0) lib/puma/server.rb:415:in `process_client'
puma (3.6.0) lib/puma/server.rb:275:in `block in run'
puma (3.6.0) lib/puma/thread_pool.rb:116:in `block in spawn_thread'
Started GET "/api/login" for 127.0.0.1 at 2016-10-26 15:09:19 +0100
  
ActionController::RoutingError (No route matches [GET] "/api/login"):
  
actionpack (5.0.0.1) lib/action_dispatch/middleware/debug_exceptions.rb:53:in `call'
actionpack (5.0.0.1) lib/action_dispatch/middleware/show_exceptions.rb:31:in `call'
railties (5.0.0.1) lib/rails/rack/logger.rb:36:in `call_app'
railties (5.0.0.1) lib/rails/rack/logger.rb:24:in `block in call'
activesupport (5.0.0.1) lib/active_support/tagged_logging.rb:70:in `block in tagged'
activesupport (5.0.0.1) lib/active_support/tagged_logging.rb:26:in `tagged'
activesupport (5.0.0.1) lib/active_support/tagged_logging.rb:70:in `tagged'
railties (5.0.0.1) lib/rails/rack/logger.rb:24:in `call'
actionpack (5.0.0.1) lib/action_dispatch/middleware/request_id.rb:24:in `call'
rack (2.0.1) lib/rack/runtime.rb:22:in `call'
activesupport (5.0.0.1) lib/active_support/cache/strategy/local_cache_middleware.rb:28:in `call'
actionpack (5.0.0.1) lib/action_dispatch/middleware/executor.rb:12:in `call'
actionpack (5.0.0.1) lib/action_dispatch/middleware/static.rb:136:in `call'
rack (2.0.1) lib/rack/sendfile.rb:111:in `call'
rack-cors (0.4.0) lib/rack/cors.rb:80:in `call'
railties (5.0.0.1) lib/rails/engine.rb:522:in `call'
puma (3.6.0) lib/puma/configuration.rb:225:in `call'
puma (3.6.0) lib/puma/server.rb:578:in `handle_request'
puma (3.6.0) lib/puma/server.rb:415:in `process_client'
puma (3.6.0) lib/puma/server.rb:275:in `block in run'
puma (3.6.0) lib/puma/thread_pool.rb:116:in `block in spawn_thread'
Started POST "/api/login" for 127.0.0.1 at 2016-10-26 15:09:22 +0100
  
NoMethodError (undefined method `symbol' for nil:NilClass):
  
actionpack (5.0.0.1) lib/action_dispatch/http/parameters.rb:63:in `parse_formatted_parameters'
actionpack (5.0.0.1) lib/action_dispatch/http/request.rb:366:in `block in POST'
rack (2.0.1) lib/rack/request.rb:57:in `fetch'
rack (2.0.1) lib/rack/request.rb:57:in `fetch_header'
actionpack (5.0.0.1) lib/action_dispatch/http/request.rb:365:in `POST'
actionpack (5.0.0.1) lib/action_dispatch/http/parameters.rb:35:in `parameters'
actionpack (5.0.0.1) lib/action_dispatch/http/filter_parameters.rb:41:in `filtered_parameters'
actionpack (5.0.0.1) lib/action_controller/metal/instrumentation.rb:21:in `process_action'
actionpack (5.0.0.1) lib/action_controller/metal/params_wrapper.rb:248:in `process_action'
activerecord (5.0.0.1) lib/active_record/railties/controller_runtime.rb:18:in `process_action'
actionpack (5.0.0.1) lib/abstract_controller/base.rb:126:in `process'
actionpack (5.0.0.1) lib/action_controller/metal.rb:190:in `dispatch'
actionpack (5.0.0.1) lib/action_controller/metal.rb:262:in `dispatch'
actionpack (5.0.0.1) lib/action_dispatch/routing/route_set.rb:50:in `dispatch'
actionpack (5.0.0.1) lib/action_dispatch/routing/route_set.rb:32:in `serve'
actionpack (5.0.0.1) lib/action_dispatch/journey/router.rb:39:in `block in serve'
actionpack (5.0.0.1) lib/action_dispatch/journey/router.rb:26:in `each'
actionpack (5.0.0.1) lib/action_dispatch/journey/router.rb:26:in `serve'
actionpack (5.0.0.1) lib/action_dispatch/routing/route_set.rb:725:in `call'
rack (2.0.1) lib/rack/etag.rb:25:in `call'
rack (2.0.1) lib/rack/conditional_get.rb:38:in `call'
rack (2.0.1) lib/rack/head.rb:12:in `call'
activerecord (5.0.0.1) lib/active_record/migration.rb:552:in `call'
actionpack (5.0.0.1) lib/action_dispatch/middleware/callbacks.rb:38:in `block in call'
activesupport (5.0.0.1) lib/active_support/callbacks.rb:97:in `__run_callbacks__'
activesupport (5.0.0.1) lib/active_support/callbacks.rb:750:in `_run_call_callbacks'
activesupport (5.0.0.1) lib/active_support/callbacks.rb:90:in `run_callbacks'
actionpack (5.0.0.1) lib/action_dispatch/middleware/callbacks.rb:36:in `call'
actionpack (5.0.0.1) lib/action_dispatch/middleware/executor.rb:12:in `call'
actionpack (5.0.0.1) lib/action_dispatch/middleware/remote_ip.rb:79:in `call'
actionpack (5.0.0.1) lib/action_dispatch/middleware/debug_exceptions.rb:49:in `call'
actionpack (5.0.0.1) lib/action_dispatch/middleware/show_exceptions.rb:31:in `call'
railties (5.0.0.1) lib/rails/rack/logger.rb:36:in `call_app'
railties (5.0.0.1) lib/rails/rack/logger.rb:24:in `block in call'
activesupport (5.0.0.1) lib/active_support/tagged_logging.rb:70:in `block in tagged'
activesupport (5.0.0.1) lib/active_support/tagged_logging.rb:26:in `tagged'
activesupport (5.0.0.1) lib/active_support/tagged_logging.rb:70:in `tagged'
railties (5.0.0.1) lib/rails/rack/logger.rb:24:in `call'
actionpack (5.0.0.1) lib/action_dispatch/middleware/request_id.rb:24:in `call'
rack (2.0.1) lib/rack/runtime.rb:22:in `call'
activesupport (5.0.0.1) lib/active_support/cache/strategy/local_cache_middleware.rb:28:in `call'
actionpack (5.0.0.1) lib/action_dispatch/middleware/executor.rb:12:in `call'
actionpack (5.0.0.1) lib/action_dispatch/middleware/static.rb:136:in `call'
rack (2.0.1) lib/rack/sendfile.rb:111:in `call'
rack-cors (0.4.0) lib/rack/cors.rb:80:in `call'
railties (5.0.0.1) lib/rails/engine.rb:522:in `call'
puma (3.6.0) lib/puma/configuration.rb:225:in `call'
puma (3.6.0) lib/puma/server.rb:578:in `handle_request'
puma (3.6.0) lib/puma/server.rb:415:in `process_client'
puma (3.6.0) lib/puma/server.rb:275:in `block in run'
puma (3.6.0) lib/puma/thread_pool.rb:116:in `block in spawn_thread'
Started GET "/api/drinks" for 127.0.0.1 at 2016-10-26 15:11:11 +0100
  
NoMethodError (undefined method `symbol' for nil:NilClass):
  
actionpack (5.0.0.1) lib/action_dispatch/http/parameters.rb:63:in `parse_formatted_parameters'
actionpack (5.0.0.1) lib/action_dispatch/http/request.rb:366:in `block in POST'
rack (2.0.1) lib/rack/request.rb:57:in `fetch'
rack (2.0.1) lib/rack/request.rb:57:in `fetch_header'
actionpack (5.0.0.1) lib/action_dispatch/http/request.rb:365:in `POST'
actionpack (5.0.0.1) lib/action_dispatch/http/parameters.rb:35:in `parameters'
actionpack (5.0.0.1) lib/action_dispatch/http/filter_parameters.rb:41:in `filtered_parameters'
actionpack (5.0.0.1) lib/action_controller/metal/instrumentation.rb:21:in `process_action'
actionpack (5.0.0.1) lib/action_controller/metal/params_wrapper.rb:248:in `process_action'
activerecord (5.0.0.1) lib/active_record/railties/controller_runtime.rb:18:in `process_action'
actionpack (5.0.0.1) lib/abstract_controller/base.rb:126:in `process'
actionpack (5.0.0.1) lib/action_controller/metal.rb:190:in `dispatch'
actionpack (5.0.0.1) lib/action_controller/metal.rb:262:in `dispatch'
actionpack (5.0.0.1) lib/action_dispatch/routing/route_set.rb:50:in `dispatch'
actionpack (5.0.0.1) lib/action_dispatch/routing/route_set.rb:32:in `serve'
actionpack (5.0.0.1) lib/action_dispatch/journey/router.rb:39:in `block in serve'
actionpack (5.0.0.1) lib/action_dispatch/journey/router.rb:26:in `each'
actionpack (5.0.0.1) lib/action_dispatch/journey/router.rb:26:in `serve'
actionpack (5.0.0.1) lib/action_dispatch/routing/route_set.rb:725:in `call'
rack (2.0.1) lib/rack/etag.rb:25:in `call'
rack (2.0.1) lib/rack/conditional_get.rb:25:in `call'
rack (2.0.1) lib/rack/head.rb:12:in `call'
activerecord (5.0.0.1) lib/active_record/migration.rb:552:in `call'
actionpack (5.0.0.1) lib/action_dispatch/middleware/callbacks.rb:38:in `block in call'
activesupport (5.0.0.1) lib/active_support/callbacks.rb:97:in `__run_callbacks__'
activesupport (5.0.0.1) lib/active_support/callbacks.rb:750:in `_run_call_callbacks'
activesupport (5.0.0.1) lib/active_support/callbacks.rb:90:in `run_callbacks'
actionpack (5.0.0.1) lib/action_dispatch/middleware/callbacks.rb:36:in `call'
actionpack (5.0.0.1) lib/action_dispatch/middleware/executor.rb:12:in `call'
actionpack (5.0.0.1) lib/action_dispatch/middleware/remote_ip.rb:79:in `call'
actionpack (5.0.0.1) lib/action_dispatch/middleware/debug_exceptions.rb:49:in `call'
actionpack (5.0.0.1) lib/action_dispatch/middleware/show_exceptions.rb:31:in `call'
railties (5.0.0.1) lib/rails/rack/logger.rb:36:in `call_app'
railties (5.0.0.1) lib/rails/rack/logger.rb:24:in `block in call'
activesupport (5.0.0.1) lib/active_support/tagged_logging.rb:70:in `block in tagged'
activesupport (5.0.0.1) lib/active_support/tagged_logging.rb:26:in `tagged'
activesupport (5.0.0.1) lib/active_support/tagged_logging.rb:70:in `tagged'
railties (5.0.0.1) lib/rails/rack/logger.rb:24:in `call'
actionpack (5.0.0.1) lib/action_dispatch/middleware/request_id.rb:24:in `call'
rack (2.0.1) lib/rack/runtime.rb:22:in `call'
activesupport (5.0.0.1) lib/active_support/cache/strategy/local_cache_middleware.rb:28:in `call'
actionpack (5.0.0.1) lib/action_dispatch/middleware/executor.rb:12:in `call'
actionpack (5.0.0.1) lib/action_dispatch/middleware/static.rb:136:in `call'
rack (2.0.1) lib/rack/sendfile.rb:111:in `call'
rack-cors (0.4.0) lib/rack/cors.rb:80:in `call'
railties (5.0.0.1) lib/rails/engine.rb:522:in `call'
puma (3.6.0) lib/puma/configuration.rb:225:in `call'
puma (3.6.0) lib/puma/server.rb:578:in `handle_request'
puma (3.6.0) lib/puma/server.rb:415:in `process_client'
puma (3.6.0) lib/puma/server.rb:275:in `block in run'
puma (3.6.0) lib/puma/thread_pool.rb:116:in `block in spawn_thread'
Started GET "/api/users" for ::1 at 2016-10-26 15:11:28 +0100
Processing by UsersController#index as HTML
[active_model_serializers] Rendered ActiveModel::Serializer::Null with Hash (0.08ms)
Filter chain halted as :authenticate_user! rendered or redirected
Completed 401 Unauthorized in 1ms (Views: 0.5ms | ActiveRecord: 0.0ms)


Started GET "/api/users" for ::1 at 2016-10-26 15:15:20 +0100
Processing by UsersController#index as HTML
[active_model_serializers] Rendered ActiveModel::Serializer::Null with Hash (0.06ms)
Filter chain halted as :authenticate_user! rendered or redirected
Completed 401 Unauthorized in 1ms (Views: 0.4ms | ActiveRecord: 0.0ms)


Started GET "/" for ::1 at 2016-10-26 16:16:10 +0100
Processing by Rails::WelcomeController#index as HTML
  Parameters: {"internal"=>true}
  Rendering /Users/aliciapearse/.rbenv/versions/2.3.1/lib/ruby/gems/2.3.0/gems/railties-5.0.0.1/lib/rails/templates/rails/welcome/index.html.erb
  Rendered /Users/aliciapearse/.rbenv/versions/2.3.1/lib/ruby/gems/2.3.0/gems/railties-5.0.0.1/lib/rails/templates/rails/welcome/index.html.erb (6.3ms)
Completed 200 OK in 16ms (Views: 13.3ms | ActiveRecord: 0.0ms)


Started GET "/api/users" for ::1 at 2016-10-26 16:50:58 +0100
Processing by UsersController#index as HTML
[active_model_serializers] Rendered ActiveModel::Serializer::Null with Hash (0.12ms)
Filter chain halted as :authenticate_user! rendered or redirected
Completed 401 Unauthorized in 1ms (Views: 0.7ms | ActiveRecord: 0.0ms)


Started GET "/api/users" for ::1 at 2016-10-26 16:51:21 +0100
Processing by UsersController#index as HTML
  [1m[36mUser Load (1.1ms)[0m  [1m[34mSELECT "users".* FROM "users"[0m
[active_model_serializers]   [1m[36mDrink Load (0.6ms)[0m  [1m[34mSELECT "drinks".* FROM "drinks" WHERE "drinks"."user_id" = $1[0m  [["user_id", 1]]
[active_model_serializers]   [1m[36mDrink Load (0.3ms)[0m  [1m[34mSELECT "drinks".* FROM "drinks" WHERE "drinks"."user_id" = $1[0m  [["user_id", 2]]
[active_model_serializers]   [1m[36mDrink Load (0.3ms)[0m  [1m[34mSELECT "drinks".* FROM "drinks" WHERE "drinks"."user_id" = $1[0m  [["user_id", 3]]
[active_model_serializers]   [1m[36mDrink Load (0.3ms)[0m  [1m[34mSELECT "drinks".* FROM "drinks" WHERE "drinks"."user_id" = $1[0m  [["user_id", 4]]
[active_model_serializers]   [1m[36mDrink Load (0.3ms)[0m  [1m[34mSELECT "drinks".* FROM "drinks" WHERE "drinks"."user_id" = $1[0m  [["user_id", 5]]
[active_model_serializers]   [1m[36mDrink Load (0.3ms)[0m  [1m[34mSELECT "drinks".* FROM "drinks" WHERE "drinks"."user_id" = $1[0m  [["user_id", 6]]
[active_model_serializers]   [1m[36mDrink Load (0.2ms)[0m  [1m[34mSELECT "drinks".* FROM "drinks" WHERE "drinks"."user_id" = $1[0m  [["user_id", 7]]
[active_model_serializers]   [1m[36mDrink Load (0.2ms)[0m  [1m[34mSELECT "drinks".* FROM "drinks" WHERE "drinks"."user_id" = $1[0m  [["user_id", 8]]
[active_model_serializers] Rendered ActiveModel::Serializer::CollectionSerializer with ActiveModelSerializers::Adapter::Attributes (59.34ms)
Completed 200 OK in 98ms (Views: 76.2ms | ActiveRecord: 13.6ms)


Started GET "/api/drinks" for ::1 at 2016-10-26 16:51:37 +0100
Processing by DrinksController#index as HTML
  [1m[36mDrink Load (0.3ms)[0m  [1m[34mSELECT "drinks".* FROM "drinks"[0m
[active_model_serializers]   [1m[36mUser Load (0.2ms)[0m  [1m[34mSELECT  "users".* FROM "users" WHERE "users"."id" = $1 LIMIT $2[0m  [["id", 1], ["LIMIT", 1]]
[active_model_serializers]   [1m[36mUser Load (0.4ms)[0m  [1m[34mSELECT  "users".* FROM "users" WHERE "users"."id" = $1 LIMIT $2[0m  [["id", 2], ["LIMIT", 1]]
[active_model_serializers]   [1m[36mCACHE (0.0ms)[0m  [1m[34mSELECT  "users".* FROM "users" WHERE "users"."id" = $1 LIMIT $2[0m  [["id", 1], ["LIMIT", 1]]
[active_model_serializers]   [1m[36mUser Load (0.3ms)[0m  [1m[34mSELECT  "users".* FROM "users" WHERE "users"."id" = $1 LIMIT $2[0m  [["id", 3], ["LIMIT", 1]]
[active_model_serializers] Rendered ActiveModel::Serializer::CollectionSerializer with ActiveModelSerializers::Adapter::Attributes (9.99ms)
Completed 200 OK in 12ms (Views: 10.2ms | ActiveRecord: 1.2ms)


Started GET "/api/users" for ::1 at 2016-10-26 16:53:06 +0100
Processing by UsersController#index as HTML
  [1m[36mUser Load (0.5ms)[0m  [1m[34mSELECT "users".* FROM "users"[0m
[active_model_serializers]   [1m[36mDrink Load (0.2ms)[0m  [1m[34mSELECT "drinks".* FROM "drinks" WHERE "drinks"."user_id" = $1[0m  [["user_id", 1]]
[active_model_serializers]   [1m[36mDrink Load (0.2ms)[0m  [1m[34mSELECT "drinks".* FROM "drinks" WHERE "drinks"."user_id" = $1[0m  [["user_id", 2]]
[active_model_serializers]   [1m[36mDrink Load (0.2ms)[0m  [1m[34mSELECT "drinks".* FROM "drinks" WHERE "drinks"."user_id" = $1[0m  [["user_id", 3]]
[active_model_serializers]   [1m[36mDrink Load (0.3ms)[0m  [1m[34mSELECT "drinks".* FROM "drinks" WHERE "drinks"."user_id" = $1[0m  [["user_id", 4]]
[active_model_serializers]   [1m[36mDrink Load (0.2ms)[0m  [1m[34mSELECT "drinks".* FROM "drinks" WHERE "drinks"."user_id" = $1[0m  [["user_id", 5]]
[active_model_serializers]   [1m[36mDrink Load (0.3ms)[0m  [1m[34mSELECT "drinks".* FROM "drinks" WHERE "drinks"."user_id" = $1[0m  [["user_id", 6]]
[active_model_serializers]   [1m[36mDrink Load (0.2ms)[0m  [1m[34mSELECT "drinks".* FROM "drinks" WHERE "drinks"."user_id" = $1[0m  [["user_id", 7]]
[active_model_serializers]   [1m[36mDrink Load (0.2ms)[0m  [1m[34mSELECT "drinks".* FROM "drinks" WHERE "drinks"."user_id" = $1[0m  [["user_id", 8]]
[active_model_serializers] Rendered ActiveModel::Serializer::CollectionSerializer with ActiveModelSerializers::Adapter::Attributes (21.4ms)
Completed 200 OK in 24ms (Views: 21.6ms | ActiveRecord: 2.3ms)


Started GET "/api/users" for ::1 at 2016-10-26 16:53:06 +0100
Processing by UsersController#index as HTML
  [1m[36mUser Load (0.4ms)[0m  [1m[34mSELECT "users".* FROM "users"[0m
[active_model_serializers]   [1m[36mDrink Load (0.5ms)[0m  [1m[34mSELECT "drinks".* FROM "drinks" WHERE "drinks"."user_id" = $1[0m  [["user_id", 1]]
[active_model_serializers]   [1m[36mDrink Load (0.3ms)[0m  [1m[34mSELECT "drinks".* FROM "drinks" WHERE "drinks"."user_id" = $1[0m  [["user_id", 2]]
[active_model_serializers]   [1m[36mDrink Load (0.3ms)[0m  [1m[34mSELECT "drinks".* FROM "drinks" WHERE "drinks"."user_id" = $1[0m  [["user_id", 3]]
[active_model_serializers]   [1m[36mDrink Load (0.3ms)[0m  [1m[34mSELECT "drinks".* FROM "drinks" WHERE "drinks"."user_id" = $1[0m  [["user_id", 4]]
[active_model_serializers]   [1m[36mDrink Load (0.2ms)[0m  [1m[34mSELECT "drinks".* FROM "drinks" WHERE "drinks"."user_id" = $1[0m  [["user_id", 5]]
[active_model_serializers]   [1m[36mDrink Load (0.2ms)[0m  [1m[34mSELECT "drinks".* FROM "drinks" WHERE "drinks"."user_id" = $1[0m  [["user_id", 6]]
[active_model_serializers]   [1m[36mDrink Load (0.2ms)[0m  [1m[34mSELECT "drinks".* FROM "drinks" WHERE "drinks"."user_id" = $1[0m  [["user_id", 7]]
[active_model_serializers]   [1m[36mDrink Load (0.2ms)[0m  [1m[34mSELECT "drinks".* FROM "drinks" WHERE "drinks"."user_id" = $1[0m  [["user_id", 8]]
[active_model_serializers] Rendered ActiveModel::Serializer::CollectionSerializer with ActiveModelSerializers::Adapter::Attributes (21.26ms)
Completed 200 OK in 24ms (Views: 21.0ms | ActiveRecord: 2.5ms)


